[0316/101703.696:ERROR:process_info.cc(329)] VirtualQueryEx: Отказано в доступе. (0x5)
[0316/101703.698:ERROR:process_info.cc(556)] ReadMemoryInfo failed
[0316/101703.698:ERROR:process_memory_win.cc(39)] Failed to initialize ProcessInfo.
[0316/101703.698:ERROR:scoped_process_suspend.cc(40)] NtResumeProcess: Попытка доступа к процессу, выполняющему процедуру завершения. (0xc000010a)
[0316/102217.573:ERROR:process_memory_win.cc(73)] ReadMemory at 0x7ff82622d490 of 36 bytes failed: Запрос ReadProcessMemory или WriteProcessMemory был выполнен только частично. (0x12B)
[0316/102217.583:WARNING:pe_image_reader.cc(191)] could not read debug directory from C:\Windows\SYSTEM32\dbghelp.dll
[0316/102217.583:ERROR:process_memory_win.cc(73)] ReadMemory at 0x7ff8260a0000 of 64 bytes failed: Запрос ReadProcessMemory или WriteProcessMemory был выполнен только частично. (0x12B)
[0316/102217.583:WARNING:pe_image_reader.cc(340)] could not read dos header from C:\Windows\SYSTEM32\dbghelp.dll
[0316/102217.583:ERROR:process_memory_win.cc(73)] ReadMemory at 0x7ff8421e0000 of 64 bytes failed: Запрос ReadProcessMemory или WriteProcessMemory был выполнен только частично. (0x12B)
[0316/102217.583:WARNING:pe_image_reader.cc(340)] could not read dos header from C:\Windows\SYSTEM32\WINHTTP.dll
[0316/102217.583:ERROR:process_memory_win.cc(73)] ReadMemory at 0x7ff8421e0000 of 64 bytes failed: Запрос ReadProcessMemory или WriteProcessMemory был выполнен только частично. (0x12B)
[0316/102217.583:WARNING:pe_image_reader.cc(340)] could not read dos header from C:\Windows\SYSTEM32\WINHTTP.dll
[0316/102217.583:ERROR:process_memory_win.cc(73)] ReadMemory at 0x7ff83e3d0000 of 64 bytes failed: Запрос ReadProcessMemory или WriteProcessMemory был выполнен только частично. (0x12B)
[0316/102217.583:WARNING:pe_image_reader.cc(340)] could not read dos header from C:\Windows\SYSTEM32\dhcpcsvc.DLL
[0316/102217.583:ERROR:process_memory_win.cc(73)] ReadMemory at 0x7ff83e3d0000 of 64 bytes failed: Запрос ReadProcessMemory или WriteProcessMemory был выполнен только частично. (0x12B)
[0316/102217.583:WARNING:pe_image_reader.cc(340)] could not read dos header from C:\Windows\SYSTEM32\dhcpcsvc.DLL
[0316/102217.583:ERROR:process_memory_win.cc(73)] ReadMemory at 0x7ff847240000 of 64 bytes failed: Запрос ReadProcessMemory или WriteProcessMemory был выполнен только частично. (0x12B)
[0316/102217.583:WARNING:pe_image_reader.cc(340)] could not read dos header from C:\Windows\System32\NSI.dll
[0316/102217.583:ERROR:process_memory_win.cc(73)] ReadMemory at 0x7ff847240000 of 64 bytes failed: Запрос ReadProcessMemory или WriteProcessMemory был выполнен только частично. (0x12B)
[0316/102217.583:WARNING:pe_image_reader.cc(340)] could not read dos header from C:\Windows\System32\NSI.dll
[0316/102217.583:ERROR:process_memory_win.cc(73)] ReadMemory at 0x7ff844130000 of 64 bytes failed: Запрос ReadProcessMemory или WriteProcessMemory был выполнен только частично. (0x12B)
[0316/102217.583:WARNING:pe_image_reader.cc(340)] could not read dos header from C:\Windows\SYSTEM32\WINMMBASE.dll
[0316/102217.583:ERROR:process_memory_win.cc(73)] ReadMemory at 0x7ff844130000 of 64 bytes failed: Запрос ReadProcessMemory или WriteProcessMemory был выполнен только частично. (0x12B)
[0316/102217.583:WARNING:pe_image_reader.cc(340)] could not read dos header from C:\Windows\SYSTEM32\WINMMBASE.dll
[0316/102217.583:ERROR:process_memory_win.cc(73)] ReadMemory at 0x7ff846cd0000 of 64 bytes failed: Запрос ReadProcessMemory или WriteProcessMemory был выполнен только частично. (0x12B)
[0316/102217.583:WARNING:pe_image_reader.cc(340)] could not read dos header from C:\Windows\System32\cfgmgr32.dll
[0316/102217.583:ERROR:process_memory_win.cc(73)] ReadMemory at 0x7ff846cd0000 of 64 bytes failed: Запрос ReadProcessMemory или WriteProcessMemory был выполнен только частично. (0x12B)
[0316/102217.583:WARNING:pe_image_reader.cc(340)] could not read dos header from C:\Windows\System32\cfgmgr32.dll
[0316/102217.584:ERROR:process_memory_win.cc(73)] ReadMemory at 0x7ff83aef0000 of 64 bytes failed: Запрос ReadProcessMemory или WriteProcessMemory был выполнен только частично. (0x12B)
[0316/102217.584:WARNING:pe_image_reader.cc(340)] could not read dos header from C:\Windows\SYSTEM32\Bcp47Langs.dll
[0316/102217.584:ERROR:process_memory_win.cc(73)] ReadMemory at 0x7ff83aef0000 of 64 bytes failed: Запрос ReadProcessMemory или WriteProcessMemory был выполнен только частично. (0x12B)
[0316/102217.584:WARNING:pe_image_reader.cc(340)] could not read dos header from C:\Windows\SYSTEM32\Bcp47Langs.dll
[0316/102217.584:ERROR:process_memory_win.cc(73)] ReadMemory at 0x7ff841e30000 of 64 bytes failed: Запрос ReadProcessMemory или WriteProcessMemory был выполнен только частично. (0x12B)
[0316/102217.584:WARNING:pe_image_reader.cc(340)] could not read dos header from C:\Windows\SYSTEM32\PROPSYS.dll
[0316/102217.584:ERROR:process_memory_win.cc(73)] ReadMemory at 0x7ff841e30000 of 64 bytes failed: Запрос ReadProcessMemory или WriteProcessMemory был выполнен только частично. (0x12B)
[0316/102217.584:WARNING:pe_image_reader.cc(340)] could not read dos header from C:\Windows\SYSTEM32\PROPSYS.dll
[0316/102217.584:ERROR:process_memory_win.cc(73)] ReadMemory at 0x7ff849bc0000 of 64 bytes failed: Запрос ReadProcessMemory или WriteProcessMemory был выполнен только частично. (0x12B)
[0316/102217.584:WARNING:pe_image_reader.cc(340)] could not read dos header from C:\Windows\System32\shcore.dll
[0316/102217.584:ERROR:process_memory_win.cc(73)] ReadMemory at 0x7ff849bc0000 of 64 bytes failed: Запрос ReadProcessMemory или WriteProcessMemory был выполнен только частично. (0x12B)
[0316/102217.584:WARNING:pe_image_reader.cc(340)] could not read dos header from C:\Windows\System32\shcore.dll
[0316/102217.584:ERROR:process_memory_win.cc(73)] ReadMemory at 0x7ff845e70000 of 64 bytes failed: Запрос ReadProcessMemory или WriteProcessMemory был выполнен только частично. (0x12B)
[0316/102217.584:WARNING:pe_image_reader.cc(340)] could not read dos header from C:\Windows\SYSTEM32\SSPICLI.DLL
[0316/102217.584:ERROR:process_memory_win.cc(73)] ReadMemory at 0x7ff845e70000 of 64 bytes failed: Запрос ReadProcessMemory или WriteProcessMemory был выполнен только частично. (0x12B)
[0316/102217.584:WARNING:pe_image_reader.cc(340)] could not read dos header from C:\Windows\SYSTEM32\SSPICLI.DLL
[0316/102217.584:ERROR:process_memory_win.cc(73)] ReadMemory at 0x7ff845980000 of 64 bytes failed: Запрос ReadProcessMemory или WriteProcessMemory был выполнен только частично. (0x12B)
[0316/102217.584:WARNING:pe_image_reader.cc(340)] could not read dos header from C:\Windows\SYSTEM32\CRYPTBASE.DLL
[0316/102217.584:ERROR:process_memory_win.cc(73)] ReadMemory at 0x7ff845980000 of 64 bytes failed: Запрос ReadProcessMemory или WriteProcessMemory был выполнен только частично. (0x12B)
[0316/102217.584:WARNING:pe_image_reader.cc(340)] could not read dos header from C:\Windows\SYSTEM32\CRYPTBASE.DLL
[0316/102217.584:ERROR:process_memory_win.cc(73)] ReadMemory at 0x7ff84a0a5fc8 of 8 bytes failed: Запрос ReadProcessMemory или WriteProcessMemory был выполнен только частично. (0x12B)
[0316/102217.584:ERROR:process_snapshot_win.cc(311)] failed to read target address
[0316/102217.586:ERROR:process_memory_win.cc(73)] ReadMemory at 0x7ff6b02b0000 of 64 bytes failed: Запрос ReadProcessMemory или WriteProcessMemory был выполнен только частично. (0x12B)
[0316/102217.586:WARNING:pe_image_reader.cc(340)] could not read dos header from C:\Program Files (x86)\Google\Chrome\Application\chrome.exe
[0316/102217.586:ERROR:process_memory_win.cc(73)] ReadMemory at 0x7ff849f40000 of 64 bytes failed: Запрос ReadProcessMemory или WriteProcessMemory был выполнен только частично. (0x12B)
[0316/102217.586:WARNING:pe_image_reader.cc(340)] could not read dos header from C:\Windows\SYSTEM32\ntdll.dll
[0316/102217.586:ERROR:process_memory_win.cc(73)] ReadMemory at 0x7ff848fd0000 of 64 bytes failed: Запрос ReadProcessMemory или WriteProcessMemory был выполнен только частично. (0x12B)
[0316/102217.586:WARNING:pe_image_reader.cc(340)] could not read dos header from C:\Windows\System32\KERNEL32.DLL
[0316/102217.586:ERROR:process_memory_win.cc(73)] ReadMemory at 0x7ff846e20000 of 64 bytes failed: Запрос ReadProcessMemory или WriteProcessMemory был выполнен только частично. (0x12B)
[0316/102217.586:WARNING:pe_image_reader.cc(340)] could not read dos header from C:\Windows\System32\KERNELBASE.dll
[0316/102217.586:ERROR:process_memory_win.cc(73)] ReadMemory at 0x7ff82f930000 of 64 bytes failed: Запрос ReadProcessMemory или WriteProcessMemory был выполнен только частично. (0x12B)
[0316/102217.586:WARNING:pe_image_reader.cc(340)] could not read dos header from C:\Program Files (x86)\Google\Chrome\Application\80.0.3987.132\chrome_elf.dll
[0316/102217.586:ERROR:process_memory_win.cc(73)] ReadMemory at 0x7ff8412f0000 of 64 bytes failed: Запрос ReadProcessMemory или WriteProcessMemory был выполнен только частично. (0x12B)
[0316/102217.586:WARNING:pe_image_reader.cc(340)] could not read dos header from C:\Windows\SYSTEM32\VERSION.dll
[0316/102217.586:ERROR:process_memory_win.cc(73)] ReadMemory at 0x7ff8471a0000 of 64 bytes failed: Запрос ReadProcessMemory или WriteProcessMemory был выполнен только частично. (0x12B)
[0316/102217.586:WARNING:pe_image_reader.cc(340)] could not read dos header from C:\Windows\System32\msvcrt.dll
[0316/102217.586:ERROR:process_memory_win.cc(73)] ReadMemory at 0x7ff846c50000 of 64 bytes failed: Запрос ReadProcessMemory или WriteProcessMemory был выполнен только частично. (0x12B)
[0316/102217.586:WARNING:pe_image_reader.cc(340)] could not read dos header from C:\Windows\System32\bcryptPrimitives.dll
[0316/102217.586:ERROR:process_memory_win.cc(73)] ReadMemory at 0x7ff849ca0000 of 64 bytes failed: Запрос ReadProcessMemory или WriteProcessMemory был выполнен только частично. (0x12B)
[0316/102217.586:WARNING:pe_image_reader.cc(340)] could not read dos header from C:\Windows\System32\ADVAPI32.dll
[0316/102217.586:ERROR:process_memory_win.cc(73)] ReadMemory at 0x7ff848a70000 of 64 bytes failed: Запрос ReadProcessMemory или WriteProcessMemory был выполнен только частично. (0x12B)
[0316/102217.586:WARNING:pe_image_reader.cc(340)] could not read dos header from C:\Windows\System32\sechost.dll
[0316/102217.586:ERROR:process_memory_win.cc(73)] ReadMemory at 0x7ff8473f0000 of 64 bytes failed: Запрос ReadProcessMemory или WriteProcessMemory был выполнен только частично. (0x12B)
[0316/102217.586:WARNING:pe_image_reader.cc(340)] could not read dos header from C:\Windows\System32\RPCRT4.dll
[0316/102217.586:ERROR:process_memory_win.cc(73)] ReadMemory at 0x7ffff59e0000 of 64 bytes failed: Запрос ReadProcessMemory или WriteProcessMemory был выполнен только частично. (0x12B)
[0316/102217.586:WARNING:pe_image_reader.cc(340)] could not read dos header from C:\Program Files (x86)\Google\Chrome\Application\80.0.3987.132\chrome.dll
[0316/102217.586:ERROR:process_memory_win.cc(73)] ReadMemory at 0x7ff849860000 of 64 bytes failed: Запрос ReadProcessMemory или WriteProcessMemory был выполнен только частично. (0x12B)
[0316/102217.586:WARNING:pe_image_reader.cc(340)] could not read dos header from C:\Windows\System32\WS2_32.dll
[0316/102217.586:ERROR:process_memory_win.cc(73)] ReadMemory at 0x7ff849950000 of 64 bytes failed: Запрос ReadProcessMemory или WriteProcessMemory был выполнен только частично. (0x12B)
[0316/102217.586:WARNING:pe_image_reader.cc(340)] could not read dos header from C:\Windows\System32\OLEAUT32.dll
[0316/102217.586:ERROR:process_memory_win.cc(73)] ReadMemory at 0x7ff8461f0000 of 64 bytes failed: Запрос ReadProcessMemory или WriteProcessMemory был выполнен только частично. (0x12B)
[0316/102217.586:WARNING:pe_image_reader.cc(340)] could not read dos header from C:\Windows\System32\msvcp_win.dll
[0316/102217.586:ERROR:process_memory_win.cc(73)] ReadMemory at 0x7ff846d20000 of 64 bytes failed: Запрос ReadProcessMemory или WriteProcessMemory был выполнен только частично. (0x12B)
[0316/102217.586:WARNING:pe_image_reader.cc(340)] could not read dos header from C:\Windows\System32\ucrtbase.dll
[0316/102217.586:ERROR:process_memory_win.cc(73)] ReadMemory at 0x7ff848ca0000 of 64 bytes failed: Запрос ReadProcessMemory или WriteProcessMemory был выполнен только частично. (0x12B)
[0316/102217.586:WARNING:pe_image_reader.cc(340)] could not read dos header from C:\Windows\System32\combase.dll
[0316/102217.586:ERROR:process_memory_win.cc(73)] ReadMemory at 0x7ff846290000 of 64 bytes failed: Запрос ReadProcessMemory или WriteProcessMemory был выполнен только частично. (0x12B)
[0316/102217.587:WARNING:pe_image_reader.cc(340)] could not read dos header from C:\Windows\System32\WINTRUST.dll
[0316/102217.587:ERROR:process_memory_win.cc(73)] ReadMemory at 0x7ff845f40000 of 64 bytes failed: Запрос ReadProcessMemory или WriteProcessMemory был выполнен только частично. (0x12B)
[0316/102217.587:WARNING:pe_image_reader.cc(340)] could not read dos header from C:\Windows\System32\MSASN1.dll
[0316/102217.587:ERROR:process_memory_win.cc(73)] ReadMemory at 0x7ff846010000 of 64 bytes failed: Запрос ReadProcessMemory или WriteProcessMemory был выполнен только частично. (0x12B)
[0316/102217.587:WARNING:pe_image_reader.cc(340)] could not read dos header from C:\Windows\System32\CRYPT32.dll
[0316/102217.587:ERROR:process_memory_win.cc(73)] ReadMemory at 0x7ff8454d0000 of 64 bytes failed: Запрос ReadProcessMemory или WriteProcessMemory был выполнен только частично. (0x12B)
[0316/102217.587:WARNING:pe_image_reader.cc(340)] could not read dos header from C:\Windows\SYSTEM32\IPHLPAPI.DLL
[0316/102217.587:ERROR:process_memory_win.cc(73)] ReadMemory at 0x7ff844160000 of 64 bytes failed: Запрос ReadProcessMemory или WriteProcessMemory был выполнен только частично. (0x12B)
[0316/102217.587:WARNING:pe_image_reader.cc(340)] could not read dos header from C:\Windows\SYSTEM32\WINMM.dll
[0316/102217.587:ERROR:process_memory_win.cc(73)] ReadMemory at 0x7ff840f70000 of 64 bytes failed: Запрос ReadProcessMemory или WriteProcessMemory был выполнен только частично. (0x12B)
[0316/102217.587:WARNING:pe_image_reader.cc(340)] could not read dos header from C:\Windows\SYSTEM32\Secur32.dll
[0316/102217.587:ERROR:process_memory_win.cc(73)] ReadMemory at 0x7ff845e40000 of 64 bytes failed: Запрос ReadProcessMemory или WriteProcessMemory был выполнен только частично. (0x12B)
[0316/102217.587:WARNING:pe_image_reader.cc(340)] could not read dos header from C:\Windows\SYSTEM32\USERENV.dll
[0316/102217.587:ERROR:process_memory_win.cc(73)] ReadMemory at 0x7ff845f80000 of 64 bytes failed: Запрос ReadProcessMemory или WriteProcessMemory был выполнен только частично. (0x12B)
[0316/102217.587:WARNING:pe_image_reader.cc(340)] could not read dos header from C:\Windows\System32\profapi.dll
[0316/102217.587:ERROR:process_memory_win.cc(73)] ReadMemory at 0x7ff815e70000 of 64 bytes failed: Запрос ReadProcessMemory или WriteProcessMemory был выполнен только частично. (0x12B)
[0316/102217.587:WARNING:pe_image_reader.cc(340)] could not read dos header from C:\Windows\SYSTEM32\UIAutomationCore.DLL
[0316/102217.587:ERROR:process_memory_win.cc(73)] ReadMemory at 0x7ff83a6e0000 of 64 bytes failed: Запрос ReadProcessMemory или WriteProcessMemory был выполнен только частично. (0x12B)
[0316/102217.587:WARNING:pe_image_reader.cc(340)] could not read dos header from C:\Windows\SYSTEM32\DWrite.dll
[0316/102217.587:ERROR:process_memory_win.cc(73)] ReadMemory at 0x7ff8416d0000 of 64 bytes failed: Запрос ReadProcessMemory или WriteProcessMemory был выполнен только частично. (0x12B)
[0316/102217.587:WARNING:pe_image_reader.cc(340)] could not read dos header from C:\Windows\SYSTEM32\WINSPOOL.DRV
[0316/102217.587:ERROR:process_memory_win.cc(73)] ReadMemory at 0x7ff845f60000 of 64 bytes failed: Запрос ReadProcessMemory или WriteProcessMemory был выполнен только частично. (0x12B)
[0316/102217.587:WARNING:pe_image_reader.cc(340)] could not read dos header from C:\Windows\System32\kernel.appcore.dll
[0316/102217.587:ERROR:process_memory_win.cc(73)] ReadMemory at 0x7ff846c20000 of 64 bytes failed: Запрос ReadProcessMemory или WriteProcessMemory был выполнен только частично. (0x12B)
[0316/102217.587:WARNING:pe_image_reader.cc(340)] could not read dos header from C:\Windows\System32\bcrypt.dll
[0316/102217.587:ERROR:process_memory_win.cc(73)] ReadMemory at 0x7ff8260a0000 of 64 bytes failed: Запрос ReadProcessMemory или WriteProcessMemory был выполнен только частично. (0x12B)
[0316/102217.587:WARNING:pe_image_reader.cc(340)] could not read dos header from C:\Windows\SYSTEM32\dbghelp.dll
[0316/102217.587:ERROR:process_memory_win.cc(73)] ReadMemory at 0x7ff8421e0000 of 64 bytes failed: Запрос ReadProcessMemory или WriteProcessMemory был выполнен только частично. (0x12B)
[0316/102217.587:WARNING:pe_image_reader.cc(340)] could not read dos header from C:\Windows\SYSTEM32\WINHTTP.dll
[0316/102217.587:ERROR:process_memory_win.cc(73)] ReadMemory at 0x7ff83e3d0000 of 64 bytes failed: Запрос ReadProcessMemory или WriteProcessMemory был выполнен только частично. (0x12B)
[0316/102217.587:WARNING:pe_image_reader.cc(340)] could not read dos header from C:\Windows\SYSTEM32\dhcpcsvc.DLL
[0316/102217.587:ERROR:process_memory_win.cc(73)] ReadMemory at 0x7ff847240000 of 64 bytes failed: Запрос ReadProcessMemory или WriteProcessMemory был выполнен только частично. (0x12B)
[0316/102217.587:WARNING:pe_image_reader.cc(340)] could not read dos header from C:\Windows\System32\NSI.dll
[0316/102217.587:ERROR:process_memory_win.cc(73)] ReadMemory at 0x7ff844130000 of 64 bytes failed: Запрос ReadProcessMemory или WriteProcessMemory был выполнен только частично. (0x12B)
[0316/102217.587:WARNING:pe_image_reader.cc(340)] could not read dos header from C:\Windows\SYSTEM32\WINMMBASE.dll
[0316/102217.587:ERROR:process_memory_win.cc(73)] ReadMemory at 0x7ff846cd0000 of 64 bytes failed: Запрос ReadProcessMemory или WriteProcessMemory был выполнен только частично. (0x12B)
[0316/102217.587:WARNING:pe_image_reader.cc(340)] could not read dos header from C:\Windows\System32\cfgmgr32.dll
[0316/102217.587:ERROR:process_memory_win.cc(73)] ReadMemory at 0x7ff83aef0000 of 64 bytes failed: Запрос ReadProcessMemory или WriteProcessMemory был выполнен только частично. (0x12B)
[0316/102217.587:WARNING:pe_image_reader.cc(340)] could not read dos header from C:\Windows\SYSTEM32\Bcp47Langs.dll
[0316/102217.587:ERROR:process_memory_win.cc(73)] ReadMemory at 0x7ff841e30000 of 64 bytes failed: Запрос ReadProcessMemory или WriteProcessMemory был выполнен только частично. (0x12B)
[0316/102217.587:WARNING:pe_image_reader.cc(340)] could not read dos header from C:\Windows\SYSTEM32\PROPSYS.dll
[0316/102217.587:ERROR:process_memory_win.cc(73)] ReadMemory at 0x7ff849bc0000 of 64 bytes failed: Запрос ReadProcessMemory или WriteProcessMemory был выполнен только частично. (0x12B)
[0316/102217.587:WARNING:pe_image_reader.cc(340)] could not read dos header from C:\Windows\System32\shcore.dll
[0316/102217.588:ERROR:process_memory_win.cc(73)] ReadMemory at 0x7ff845e70000 of 64 bytes failed: Запрос ReadProcessMemory или WriteProcessMemory был выполнен только частично. (0x12B)
[0316/102217.588:WARNING:pe_image_reader.cc(340)] could not read dos header from C:\Windows\SYSTEM32\SSPICLI.DLL
[0316/102217.588:ERROR:process_memory_win.cc(73)] ReadMemory at 0x7ff845980000 of 64 bytes failed: Запрос ReadProcessMemory или WriteProcessMemory был выполнен только частично. (0x12B)
[0316/102217.588:WARNING:pe_image_reader.cc(340)] could not read dos header from C:\Windows\SYSTEM32\CRYPTBASE.DLL
[0316/102217.588:ERROR:process_memory_win.cc(73)] ReadMemory at 0x7ff6b02b0000 of 64 bytes failed: Запрос ReadProcessMemory или WriteProcessMemory был выполнен только частично. (0x12B)
[0316/102217.588:WARNING:pe_image_reader.cc(340)] could not read dos header from C:\Program Files (x86)\Google\Chrome\Application\chrome.exe
[0316/102217.588:ERROR:process_memory_win.cc(73)] ReadMemory at 0x7ff6b02b0000 of 64 bytes failed: Запрос ReadProcessMemory или WriteProcessMemory был выполнен только частично. (0x12B)
[0316/102217.588:WARNING:pe_image_reader.cc(340)] could not read dos header from C:\Program Files (x86)\Google\Chrome\Application\chrome.exe
[0316/102217.588:ERROR:process_memory_win.cc(73)] ReadMemory at 0x7ff849f40000 of 64 bytes failed: Запрос ReadProcessMemory или WriteProcessMemory был выполнен только частично. (0x12B)
[0316/102217.588:WARNING:pe_image_reader.cc(340)] could not read dos header from C:\Windows\SYSTEM32\ntdll.dll
[0316/102217.588:ERROR:process_memory_win.cc(73)] ReadMemory at 0x7ff849f40000 of 64 bytes failed: Запрос ReadProcessMemory или WriteProcessMemory был выполнен только частично. (0x12B)
[0316/102217.588:WARNING:pe_image_reader.cc(340)] could not read dos header from C:\Windows\SYSTEM32\ntdll.dll
[0316/102217.588:ERROR:process_memory_win.cc(73)] ReadMemory at 0x7ff848fd0000 of 64 bytes failed: Запрос ReadProcessMemory или WriteProcessMemory был выполнен только частично. (0x12B)
[0316/102217.588:WARNING:pe_image_reader.cc(340)] could not read dos header from C:\Windows\System32\KERNEL32.DLL
[0316/102217.588:ERROR:process_memory_win.cc(73)] ReadMemory at 0x7ff848fd0000 of 64 bytes failed: Запрос ReadProcessMemory или WriteProcessMemory был выполнен только частично. (0x12B)
[0316/102217.588:WARNING:pe_image_reader.cc(340)] could not read dos header from C:\Windows\System32\KERNEL32.DLL
[0316/102217.588:ERROR:process_memory_win.cc(73)] ReadMemory at 0x7ff846e20000 of 64 bytes failed: Запрос ReadProcessMemory или WriteProcessMemory был выполнен только частично. (0x12B)
[0316/102217.588:WARNING:pe_image_reader.cc(340)] could not read dos header from C:\Windows\System32\KERNELBASE.dll
[0316/102217.588:ERROR:process_memory_win.cc(73)] ReadMemory at 0x7ff846e20000 of 64 bytes failed: Запрос ReadProcessMemory или WriteProcessMemory был выполнен только частично. (0x12B)
[0316/102217.588:WARNING:pe_image_reader.cc(340)] could not read dos header from C:\Windows\System32\KERNELBASE.dll
[0316/102217.588:ERROR:process_memory_win.cc(73)] ReadMemory at 0x7ff82f930000 of 64 bytes failed: Запрос ReadProcessMemory или WriteProcessMemory был выполнен только частично. (0x12B)
[0316/102217.588:WARNING:pe_image_reader.cc(340)] could not read dos header from C:\Program Files (x86)\Google\Chrome\Application\80.0.3987.132\chrome_elf.dll
[0316/102217.588:ERROR:process_memory_win.cc(73)] ReadMemory at 0x7ff82f930000 of 64 bytes failed: Запрос ReadProcessMemory или WriteProcessMemory был выполнен только частично. (0x12B)
[0316/102217.588:WARNING:pe_image_reader.cc(340)] could not read dos header from C:\Program Files (x86)\Google\Chrome\Application\80.0.3987.132\chrome_elf.dll
[0316/102217.588:ERROR:process_memory_win.cc(73)] ReadMemory at 0x7ff8412f0000 of 64 bytes failed: Запрос ReadProcessMemory или WriteProcessMemory был выполнен только частично. (0x12B)
[0316/102217.588:WARNING:pe_image_reader.cc(340)] could not read dos header from C:\Windows\SYSTEM32\VERSION.dll
[0316/102217.588:ERROR:process_memory_win.cc(73)] ReadMemory at 0x7ff8412f0000 of 64 bytes failed: Запрос ReadProcessMemory или WriteProcessMemory был выполнен только частично. (0x12B)
[0316/102217.588:WARNING:pe_image_reader.cc(340)] could not read dos header from C:\Windows\SYSTEM32\VERSION.dll
[0316/102217.588:ERROR:process_memory_win.cc(73)] ReadMemory at 0x7ff8471a0000 of 64 bytes failed: Запрос ReadProcessMemory или WriteProcessMemory был выполнен только частично. (0x12B)
[0316/102217.588:WARNING:pe_image_reader.cc(340)] could not read dos header from C:\Windows\System32\msvcrt.dll
[0316/102217.588:ERROR:process_memory_win.cc(73)] ReadMemory at 0x7ff8471a0000 of 64 bytes failed: Запрос ReadProcessMemory или WriteProcessMemory был выполнен только частично. (0x12B)
[0316/102217.588:WARNING:pe_image_reader.cc(340)] could not read dos header from C:\Windows\System32\msvcrt.dll
[0316/102217.588:ERROR:process_memory_win.cc(73)] ReadMemory at 0x7ff846c50000 of 64 bytes failed: Запрос ReadProcessMemory или WriteProcessMemory был выполнен только частично. (0x12B)
[0316/102217.588:WARNING:pe_image_reader.cc(340)] could not read dos header from C:\Windows\System32\bcryptPrimitives.dll
[0316/102217.588:ERROR:process_memory_win.cc(73)] ReadMemory at 0x7ff846c50000 of 64 bytes failed: Запрос ReadProcessMemory или WriteProcessMemory был выполнен только частично. (0x12B)
[0316/102217.588:WARNING:pe_image_reader.cc(340)] could not read dos header from C:\Windows\System32\bcryptPrimitives.dll
[0316/102217.588:ERROR:process_memory_win.cc(73)] ReadMemory at 0x7ff849ca0000 of 64 bytes failed: Запрос ReadProcessMemory или WriteProcessMemory был выполнен только частично. (0x12B)
[0316/102217.588:WARNING:pe_image_reader.cc(340)] could not read dos header from C:\Windows\System32\ADVAPI32.dll
[0316/102217.588:ERROR:process_memory_win.cc(73)] ReadMemory at 0x7ff849ca0000 of 64 bytes failed: Запрос ReadProcessMemory или WriteProcessMemory был выполнен только частично. (0x12B)
[0316/102217.588:WARNING:pe_image_reader.cc(340)] could not read dos header from C:\Windows\System32\ADVAPI32.dll
[0316/102217.588:ERROR:process_memory_win.cc(73)] ReadMemory at 0x7ff848a70000 of 64 bytes failed: Запрос ReadProcessMemory или WriteProcessMemory был выполнен только частично. (0x12B)
[0316/102217.588:WARNING:pe_image_reader.cc(340)] could not read dos header from C:\Windows\System32\sechost.dll
[0316/102217.589:ERROR:process_memory_win.cc(73)] ReadMemory at 0x7ff848a70000 of 64 bytes failed: Запрос ReadProcessMemory или WriteProcessMemory был выполнен только частично. (0x12B)
[0316/102217.589:WARNING:pe_image_reader.cc(340)] could not read dos header from C:\Windows\System32\sechost.dll
[0316/102217.589:ERROR:process_memory_win.cc(73)] ReadMemory at 0x7ff8473f0000 of 64 bytes failed: Запрос ReadProcessMemory или WriteProcessMemory был выполнен только частично. (0x12B)
[0316/102217.589:WARNING:pe_image_reader.cc(340)] could not read dos header from C:\Windows\System32\RPCRT4.dll
[0316/102217.589:ERROR:process_memory_win.cc(73)] ReadMemory at 0x7ff8473f0000 of 64 bytes failed: Запрос ReadProcessMemory или WriteProcessMemory был выполнен только частично. (0x12B)
[0316/102217.589:WARNING:pe_image_reader.cc(340)] could not read dos header from C:\Windows\System32\RPCRT4.dll
[0316/102217.589:ERROR:process_memory_win.cc(73)] ReadMemory at 0x7ffff59e0000 of 64 bytes failed: Запрос ReadProcessMemory или WriteProcessMemory был выполнен только частично. (0x12B)
[0316/102217.589:WARNING:pe_image_reader.cc(340)] could not read dos header from C:\Program Files (x86)\Google\Chrome\Application\80.0.3987.132\chrome.dll
[0316/102217.589:ERROR:process_memory_win.cc(73)] ReadMemory at 0x7ffff59e0000 of 64 bytes failed: Запрос ReadProcessMemory или WriteProcessMemory был выполнен только частично. (0x12B)
[0316/102217.589:WARNING:pe_image_reader.cc(340)] could not read dos header from C:\Program Files (x86)\Google\Chrome\Application\80.0.3987.132\chrome.dll
[0316/102217.589:ERROR:process_memory_win.cc(73)] ReadMemory at 0x7ff849860000 of 64 bytes failed: Запрос ReadProcessMemory или WriteProcessMemory был выполнен только частично. (0x12B)
[0316/102217.589:WARNING:pe_image_reader.cc(340)] could not read dos header from C:\Windows\System32\WS2_32.dll
[0316/102217.589:ERROR:process_memory_win.cc(73)] ReadMemory at 0x7ff849860000 of 64 bytes failed: Запрос ReadProcessMemory или WriteProcessMemory был выполнен только частично. (0x12B)
[0316/102217.589:WARNING:pe_image_reader.cc(340)] could not read dos header from C:\Windows\System32\WS2_32.dll
[0316/102217.589:ERROR:process_memory_win.cc(73)] ReadMemory at 0x7ff849950000 of 64 bytes failed: Запрос ReadProcessMemory или WriteProcessMemory был выполнен только частично. (0x12B)
[0316/102217.589:WARNING:pe_image_reader.cc(340)] could not read dos header from C:\Windows\System32\OLEAUT32.dll
[0316/102217.589:ERROR:process_memory_win.cc(73)] ReadMemory at 0x7ff849950000 of 64 bytes failed: Запрос ReadProcessMemory или WriteProcessMemory был выполнен только частично. (0x12B)
[0316/102217.589:WARNING:pe_image_reader.cc(340)] could not read dos header from C:\Windows\System32\OLEAUT32.dll
[0316/102217.589:ERROR:process_memory_win.cc(73)] ReadMemory at 0x7ff8461f0000 of 64 bytes failed: Запрос ReadProcessMemory или WriteProcessMemory был выполнен только частично. (0x12B)
[0316/102217.589:WARNING:pe_image_reader.cc(340)] could not read dos header from C:\Windows\System32\msvcp_win.dll
[0316/102217.589:ERROR:process_memory_win.cc(73)] ReadMemory at 0x7ff8461f0000 of 64 bytes failed: Запрос ReadProcessMemory или WriteProcessMemory был выполнен только частично. (0x12B)
[0316/102217.589:WARNING:pe_image_reader.cc(340)] could not read dos header from C:\Windows\System32\msvcp_win.dll
[0316/102217.589:ERROR:process_memory_win.cc(73)] ReadMemory at 0x7ff846d20000 of 64 bytes failed: Запрос ReadProcessMemory или WriteProcessMemory был выполнен только частично. (0x12B)
[0316/102217.589:WARNING:pe_image_reader.cc(340)] could not read dos header from C:\Windows\System32\ucrtbase.dll
[0316/102217.589:ERROR:process_memory_win.cc(73)] ReadMemory at 0x7ff846d20000 of 64 bytes failed: Запрос ReadProcessMemory или WriteProcessMemory был выполнен только частично. (0x12B)
[0316/102217.589:WARNING:pe_image_reader.cc(340)] could not read dos header from C:\Windows\System32\ucrtbase.dll
[0316/102217.589:ERROR:process_memory_win.cc(73)] ReadMemory at 0x7ff848ca0000 of 64 bytes failed: Запрос ReadProcessMemory или WriteProcessMemory был выполнен только частично. (0x12B)
[0316/102217.589:WARNING:pe_image_reader.cc(340)] could not read dos header from C:\Windows\System32\combase.dll
[0316/102217.589:ERROR:process_memory_win.cc(73)] ReadMemory at 0x7ff848ca0000 of 64 bytes failed: Запрос ReadProcessMemory или WriteProcessMemory был выполнен только частично. (0x12B)
[0316/102217.589:WARNING:pe_image_reader.cc(340)] could not read dos header from C:\Windows\System32\combase.dll
[0316/102217.589:ERROR:process_memory_win.cc(73)] ReadMemory at 0x7ff846290000 of 64 bytes failed: Запрос ReadProcessMemory или WriteProcessMemory был выполнен только частично. (0x12B)
[0316/102217.589:WARNING:pe_image_reader.cc(340)] could not read dos header from C:\Windows\System32\WINTRUST.dll
[0316/102217.589:ERROR:process_memory_win.cc(73)] ReadMemory at 0x7ff846290000 of 64 bytes failed: Запрос ReadProcessMemory или WriteProcessMemory был выполнен только частично. (0x12B)
[0316/102217.589:WARNING:pe_image_reader.cc(340)] could not read dos header from C:\Windows\System32\WINTRUST.dll
[0316/102217.589:ERROR:process_memory_win.cc(73)] ReadMemory at 0x7ff845f40000 of 64 bytes failed: Запрос ReadProcessMemory или WriteProcessMemory был выполнен только частично. (0x12B)
[0316/102217.589:WARNING:pe_image_reader.cc(340)] could not read dos header from C:\Windows\System32\MSASN1.dll
[0316/102217.589:ERROR:process_memory_win.cc(73)] ReadMemory at 0x7ff845f40000 of 64 bytes failed: Запрос ReadProcessMemory или WriteProcessMemory был выполнен только частично. (0x12B)
[0316/102217.589:WARNING:pe_image_reader.cc(340)] could not read dos header from C:\Windows\System32\MSASN1.dll
[0316/102217.589:ERROR:process_memory_win.cc(73)] ReadMemory at 0x7ff846010000 of 64 bytes failed: Запрос ReadProcessMemory или WriteProcessMemory был выполнен только частично. (0x12B)
[0316/102217.589:WARNING:pe_image_reader.cc(340)] could not read dos header from C:\Windows\System32\CRYPT32.dll
[0316/102217.589:ERROR:process_memory_win.cc(73)] ReadMemory at 0x7ff846010000 of 64 bytes failed: Запрос ReadProcessMemory или WriteProcessMemory был выполнен только частично. (0x12B)
[0316/102217.589:WARNING:pe_image_reader.cc(340)] could not read dos header from C:\Windows\System32\CRYPT32.dll
[0316/102217.589:ERROR:process_memory_win.cc(73)] ReadMemory at 0x7ff8454d0000 of 64 bytes failed: Запрос ReadProcessMemory или WriteProcessMemory был выполнен только частично. (0x12B)
[0316/102217.589:WARNING:pe_image_reader.cc(340)] could not read dos header from C:\Windows\SYSTEM32\IPHLPAPI.DLL
[0316/102217.589:ERROR:process_memory_win.cc(73)] ReadMemory at 0x7ff8454d0000 of 64 bytes failed: Запрос ReadProcessMemory или WriteProcessMemory был выполнен только частично. (0x12B)
[0316/102217.589:WARNING:pe_image_reader.cc(340)] could not read dos header from C:\Windows\SYSTEM32\IPHLPAPI.DLL
[0316/102217.590:ERROR:process_memory_win.cc(73)] ReadMemory at 0x7ff844160000 of 64 bytes failed: Запрос ReadProcessMemory или WriteProcessMemory был выполнен только частично. (0x12B)
[0316/102217.590:WARNING:pe_image_reader.cc(340)] could not read dos header from C:\Windows\SYSTEM32\WINMM.dll
[0316/102217.590:ERROR:process_memory_win.cc(73)] ReadMemory at 0x7ff844160000 of 64 bytes failed: Запрос ReadProcessMemory или WriteProcessMemory был выполнен только частично. (0x12B)
[0316/102217.590:WARNING:pe_image_reader.cc(340)] could not read dos header from C:\Windows\SYSTEM32\WINMM.dll
[0316/102217.590:ERROR:process_memory_win.cc(73)] ReadMemory at 0x7ff840f70000 of 64 bytes failed: Запрос ReadProcessMemory или WriteProcessMemory был выполнен только частично. (0x12B)
[0316/102217.590:WARNING:pe_image_reader.cc(340)] could not read dos header from C:\Windows\SYSTEM32\Secur32.dll
[0316/102217.590:ERROR:process_memory_win.cc(73)] ReadMemory at 0x7ff840f70000 of 64 bytes failed: Запрос ReadProcessMemory или WriteProcessMemory был выполнен только частично. (0x12B)
[0316/102217.590:WARNING:pe_image_reader.cc(340)] could not read dos header from C:\Windows\SYSTEM32\Secur32.dll
[0316/102217.590:ERROR:process_memory_win.cc(73)] ReadMemory at 0x7ff845e40000 of 64 bytes failed: Запрос ReadProcessMemory или WriteProcessMemory был выполнен только частично. (0x12B)
[0316/102217.590:WARNING:pe_image_reader.cc(340)] could not read dos header from C:\Windows\SYSTEM32\USERENV.dll
[0316/102217.590:ERROR:process_memory_win.cc(73)] ReadMemory at 0x7ff845e40000 of 64 bytes failed: Запрос ReadProcessMemory или WriteProcessMemory был выполнен только частично. (0x12B)
[0316/102217.590:WARNING:pe_image_reader.cc(340)] could not read dos header from C:\Windows\SYSTEM32\USERENV.dll
[0316/102217.590:ERROR:process_memory_win.cc(73)] ReadMemory at 0x7ff845f80000 of 64 bytes failed: Запрос ReadProcessMemory или WriteProcessMemory был выполнен только частично. (0x12B)
[0316/102217.590:WARNING:pe_image_reader.cc(340)] could not read dos header from C:\Windows\System32\profapi.dll
[0316/102217.590:ERROR:process_memory_win.cc(73)] ReadMemory at 0x7ff845f80000 of 64 bytes failed: Запрос ReadProcessMemory или WriteProcessMemory был выполнен только частично. (0x12B)
[0316/102217.590:WARNING:pe_image_reader.cc(340)] could not read dos header from C:\Windows\System32\profapi.dll
[0316/102217.590:ERROR:process_memory_win.cc(73)] ReadMemory at 0x7ff815e70000 of 64 bytes failed: Запрос ReadProcessMemory или WriteProcessMemory был выполнен только частично. (0x12B)
[0316/102217.590:WARNING:pe_image_reader.cc(340)] could not read dos header from C:\Windows\SYSTEM32\UIAutomationCore.DLL
[0316/102217.590:ERROR:process_memory_win.cc(73)] ReadMemory at 0x7ff815e70000 of 64 bytes failed: Запрос ReadProcessMemory или WriteProcessMemory был выполнен только частично. (0x12B)
[0316/102217.590:WARNING:pe_image_reader.cc(340)] could not read dos header from C:\Windows\SYSTEM32\UIAutomationCore.DLL
[0316/102217.590:ERROR:process_memory_win.cc(73)] ReadMemory at 0x7ff83a6e0000 of 64 bytes failed: Запрос ReadProcessMemory или WriteProcessMemory был выполнен только частично. (0x12B)
[0316/102217.590:WARNING:pe_image_reader.cc(340)] could not read dos header from C:\Windows\SYSTEM32\DWrite.dll
[0316/102217.590:ERROR:process_memory_win.cc(73)] ReadMemory at 0x7ff83a6e0000 of 64 bytes failed: Запрос ReadProcessMemory или WriteProcessMemory был выполнен только частично. (0x12B)
[0316/102217.590:WARNING:pe_image_reader.cc(340)] could not read dos header from C:\Windows\SYSTEM32\DWrite.dll
[0316/102217.590:ERROR:process_memory_win.cc(73)] ReadMemory at 0x7ff8416d0000 of 64 bytes failed: Запрос ReadProcessMemory или WriteProcessMemory был выполнен только частично. (0x12B)
[0316/102217.590:WARNING:pe_image_reader.cc(340)] could not read dos header from C:\Windows\SYSTEM32\WINSPOOL.DRV
[0316/102217.590:ERROR:process_memory_win.cc(73)] ReadMemory at 0x7ff8416d0000 of 64 bytes failed: Запрос ReadProcessMemory или WriteProcessMemory был выполнен только частично. (0x12B)
[0316/102217.590:WARNING:pe_image_reader.cc(340)] could not read dos header from C:\Windows\SYSTEM32\WINSPOOL.DRV
[0316/102217.590:ERROR:process_memory_win.cc(73)] ReadMemory at 0x7ff845f60000 of 64 bytes failed: Запрос ReadProcessMemory или WriteProcessMemory был выполнен только частично. (0x12B)
[0316/102217.590:WARNING:pe_image_reader.cc(340)] could not read dos header from C:\Windows\System32\kernel.appcore.dll
[0316/102217.590:ERROR:process_memory_win.cc(73)] ReadMemory at 0x7ff845f60000 of 64 bytes failed: Запрос ReadProcessMemory или WriteProcessMemory был выполнен только частично. (0x12B)
[0316/102217.590:WARNING:pe_image_reader.cc(340)] could not read dos header from C:\Windows\System32\kernel.appcore.dll
[0316/102217.590:ERROR:process_memory_win.cc(73)] ReadMemory at 0x7ff846c20000 of 64 bytes failed: Запрос ReadProcessMemory или WriteProcessMemory был выполнен только частично. (0x12B)
[0316/102217.590:WARNING:pe_image_reader.cc(340)] could not read dos header from C:\Windows\System32\bcrypt.dll
[0316/102217.590:ERROR:process_memory_win.cc(73)] ReadMemory at 0x7ff846c20000 of 64 bytes failed: Запрос ReadProcessMemory или WriteProcessMemory был выполнен только частично. (0x12B)
[0316/102217.590:WARNING:pe_image_reader.cc(340)] could not read dos header from C:\Windows\System32\bcrypt.dll
[0316/102217.590:ERROR:process_memory_win.cc(73)] ReadMemory at 0x7ff8260a0000 of 64 bytes failed: Запрос ReadProcessMemory или WriteProcessMemory был выполнен только частично. (0x12B)
[0316/102217.590:WARNING:pe_image_reader.cc(340)] could not read dos header from C:\Windows\SYSTEM32\dbghelp.dll
[0316/102217.590:ERROR:process_memory_win.cc(73)] ReadMemory at 0x7ff8260a0000 of 64 bytes failed: Запрос ReadProcessMemory или WriteProcessMemory был выполнен только частично. (0x12B)
[0316/102217.591:WARNING:pe_image_reader.cc(340)] could not read dos header from C:\Windows\SYSTEM32\dbghelp.dll
[0316/102217.591:ERROR:process_memory_win.cc(73)] ReadMemory at 0x7ff8421e0000 of 64 bytes failed: Запрос ReadProcessMemory или WriteProcessMemory был выполнен только частично. (0x12B)
[0316/102217.591:WARNING:pe_image_reader.cc(340)] could not read dos header from C:\Windows\SYSTEM32\WINHTTP.dll
[0316/102217.591:ERROR:process_memory_win.cc(73)] ReadMemory at 0x7ff8421e0000 of 64 bytes failed: Запрос ReadProcessMemory или WriteProcessMemory был выполнен только частично. (0x12B)
[0316/102217.591:WARNING:pe_image_reader.cc(340)] could not read dos header from C:\Windows\SYSTEM32\WINHTTP.dll
[0316/102217.591:ERROR:process_memory_win.cc(73)] ReadMemory at 0x7ff83e3d0000 of 64 bytes failed: Запрос ReadProcessMemory или WriteProcessMemory был выполнен только частично. (0x12B)
[0316/102217.591:WARNING:pe_image_reader.cc(340)] could not read dos header from C:\Windows\SYSTEM32\dhcpcsvc.DLL
[0316/102217.591:ERROR:process_memory_win.cc(73)] ReadMemory at 0x7ff83e3d0000 of 64 bytes failed: Запрос ReadProcessMemory или WriteProcessMemory был выполнен только частично. (0x12B)
[0316/102217.591:WARNING:pe_image_reader.cc(340)] could not read dos header from C:\Windows\SYSTEM32\dhcpcsvc.DLL
[0316/102217.591:ERROR:process_memory_win.cc(73)] ReadMemory at 0x7ff847240000 of 64 bytes failed: Запрос ReadProcessMemory или WriteProcessMemory был выполнен только частично. (0x12B)
[0316/102217.591:WARNING:pe_image_reader.cc(340)] could not read dos header from C:\Windows\System32\NSI.dll
[0316/102217.591:ERROR:process_memory_win.cc(73)] ReadMemory at 0x7ff847240000 of 64 bytes failed: Запрос ReadProcessMemory или WriteProcessMemory был выполнен только частично. (0x12B)
[0316/102217.591:WARNING:pe_image_reader.cc(340)] could not read dos header from C:\Windows\System32\NSI.dll
[0316/102217.591:ERROR:process_memory_win.cc(73)] ReadMemory at 0x7ff844130000 of 64 bytes failed: Запрос ReadProcessMemory или WriteProcessMemory был выполнен только частично. (0x12B)
[0316/102217.591:WARNING:pe_image_reader.cc(340)] could not read dos header from C:\Windows\SYSTEM32\WINMMBASE.dll
[0316/102217.591:ERROR:process_memory_win.cc(73)] ReadMemory at 0x7ff844130000 of 64 bytes failed: Запрос ReadProcessMemory или WriteProcessMemory был выполнен только частично. (0x12B)
[0316/102217.591:WARNING:pe_image_reader.cc(340)] could not read dos header from C:\Windows\SYSTEM32\WINMMBASE.dll
[0316/102217.591:ERROR:process_memory_win.cc(73)] ReadMemory at 0x7ff846cd0000 of 64 bytes failed: Запрос ReadProcessMemory или WriteProcessMemory был выполнен только частично. (0x12B)
[0316/102217.591:WARNING:pe_image_reader.cc(340)] could not read dos header from C:\Windows\System32\cfgmgr32.dll
[0316/102217.591:ERROR:process_memory_win.cc(73)] ReadMemory at 0x7ff846cd0000 of 64 bytes failed: Запрос ReadProcessMemory или WriteProcessMemory был выполнен только частично. (0x12B)
[0316/102217.591:WARNING:pe_image_reader.cc(340)] could not read dos header from C:\Windows\System32\cfgmgr32.dll
[0316/102217.591:ERROR:process_memory_win.cc(73)] ReadMemory at 0x7ff83aef0000 of 64 bytes failed: Запрос ReadProcessMemory или WriteProcessMemory был выполнен только частично. (0x12B)
[0316/102217.591:WARNING:pe_image_reader.cc(340)] could not read dos header from C:\Windows\SYSTEM32\Bcp47Langs.dll
[0316/102217.591:ERROR:process_memory_win.cc(73)] ReadMemory at 0x7ff83aef0000 of 64 bytes failed: Запрос ReadProcessMemory или WriteProcessMemory был выполнен только частично. (0x12B)
[0316/102217.591:WARNING:pe_image_reader.cc(340)] could not read dos header from C:\Windows\SYSTEM32\Bcp47Langs.dll
[0316/102217.591:ERROR:process_memory_win.cc(73)] ReadMemory at 0x7ff841e30000 of 64 bytes failed: Запрос ReadProcessMemory или WriteProcessMemory был выполнен только частично. (0x12B)
[0316/102217.591:WARNING:pe_image_reader.cc(340)] could not read dos header from C:\Windows\SYSTEM32\PROPSYS.dll
[0316/102217.591:ERROR:process_memory_win.cc(73)] ReadMemory at 0x7ff841e30000 of 64 bytes failed: Запрос ReadProcessMemory или WriteProcessMemory был выполнен только частично. (0x12B)
[0316/102217.591:WARNING:pe_image_reader.cc(340)] could not read dos header from C:\Windows\SYSTEM32\PROPSYS.dll
[0316/102217.591:ERROR:process_memory_win.cc(73)] ReadMemory at 0x7ff849bc0000 of 64 bytes failed: Запрос ReadProcessMemory или WriteProcessMemory был выполнен только частично. (0x12B)
[0316/102217.591:WARNING:pe_image_reader.cc(340)] could not read dos header from C:\Windows\System32\shcore.dll
[0316/102217.591:ERROR:process_memory_win.cc(73)] ReadMemory at 0x7ff849bc0000 of 64 bytes failed: Запрос ReadProcessMemory или WriteProcessMemory был выполнен только частично. (0x12B)
[0316/102217.591:WARNING:pe_image_reader.cc(340)] could not read dos header from C:\Windows\System32\shcore.dll
[0316/102217.591:ERROR:process_memory_win.cc(73)] ReadMemory at 0x7ff845e70000 of 64 bytes failed: Запрос ReadProcessMemory или WriteProcessMemory был выполнен только частично. (0x12B)
[0316/102217.591:WARNING:pe_image_reader.cc(340)] could not read dos header from C:\Windows\SYSTEM32\SSPICLI.DLL
[0316/102217.591:ERROR:process_memory_win.cc(73)] ReadMemory at 0x7ff845e70000 of 64 bytes failed: Запрос ReadProcessMemory или WriteProcessMemory был выполнен только частично. (0x12B)
[0316/102217.591:WARNING:pe_image_reader.cc(340)] could not read dos header from C:\Windows\SYSTEM32\SSPICLI.DLL
[0316/102217.591:ERROR:process_memory_win.cc(73)] ReadMemory at 0x7ff845980000 of 64 bytes failed: Запрос ReadProcessMemory или WriteProcessMemory был выполнен только частично. (0x12B)
[0316/102217.592:WARNING:pe_image_reader.cc(340)] could not read dos header from C:\Windows\SYSTEM32\CRYPTBASE.DLL
[0316/102217.592:ERROR:process_memory_win.cc(73)] ReadMemory at 0x7ff845980000 of 64 bytes failed: Запрос ReadProcessMemory или WriteProcessMemory был выполнен только частично. (0x12B)
[0316/102217.592:WARNING:pe_image_reader.cc(340)] could not read dos header from C:\Windows\SYSTEM32\CRYPTBASE.DLL
[0316/102217.624:ERROR:process_memory_win.cc(73)] ReadMemory at 0x7ff6b02b0000 of 64 bytes failed: Запрос ReadProcessMemory или WriteProcessMemory был выполнен только частично. (0x12B)
[0316/102217.624:WARNING:pe_image_reader.cc(340)] could not read dos header from C:\Program Files (x86)\Google\Chrome\Application\chrome.exe
[0316/102217.624:ERROR:process_memory_win.cc(73)] ReadMemory at 0x7ff849f40000 of 64 bytes failed: Запрос ReadProcessMemory или WriteProcessMemory был выполнен только частично. (0x12B)
[0316/102217.624:WARNING:pe_image_reader.cc(340)] could not read dos header from C:\Windows\SYSTEM32\ntdll.dll
[0316/102217.624:ERROR:process_memory_win.cc(73)] ReadMemory at 0x7ff848fd0000 of 64 bytes failed: Запрос ReadProcessMemory или WriteProcessMemory был выполнен только частично. (0x12B)
[0316/102217.624:WARNING:pe_image_reader.cc(340)] could not read dos header from C:\Windows\System32\KERNEL32.DLL
[0316/102217.624:ERROR:process_memory_win.cc(73)] ReadMemory at 0x7ff846e20000 of 64 bytes failed: Запрос ReadProcessMemory или WriteProcessMemory был выполнен только частично. (0x12B)
[0316/102217.624:WARNING:pe_image_reader.cc(340)] could not read dos header from C:\Windows\System32\KERNELBASE.dll
[0316/102217.624:ERROR:process_memory_win.cc(73)] ReadMemory at 0x7ff82f930000 of 64 bytes failed: Запрос ReadProcessMemory или WriteProcessMemory был выполнен только частично. (0x12B)
[0316/102217.624:WARNING:pe_image_reader.cc(340)] could not read dos header from C:\Program Files (x86)\Google\Chrome\Application\80.0.3987.132\chrome_elf.dll
[0316/102217.624:ERROR:process_memory_win.cc(73)] ReadMemory at 0x7ff8412f0000 of 64 bytes failed: Запрос ReadProcessMemory или WriteProcessMemory был выполнен только частично. (0x12B)
[0316/102217.624:WARNING:pe_image_reader.cc(340)] could not read dos header from C:\Windows\SYSTEM32\VERSION.dll
[0316/102217.624:ERROR:process_memory_win.cc(73)] ReadMemory at 0x7ff8471a0000 of 64 bytes failed: Запрос ReadProcessMemory или WriteProcessMemory был выполнен только частично. (0x12B)
[0316/102217.624:WARNING:pe_image_reader.cc(340)] could not read dos header from C:\Windows\System32\msvcrt.dll
[0316/102217.625:ERROR:process_memory_win.cc(73)] ReadMemory at 0x7ff846c50000 of 64 bytes failed: Запрос ReadProcessMemory или WriteProcessMemory был выполнен только частично. (0x12B)
[0316/102217.625:WARNING:pe_image_reader.cc(340)] could not read dos header from C:\Windows\System32\bcryptPrimitives.dll
[0316/102217.625:ERROR:process_memory_win.cc(73)] ReadMemory at 0x7ff849ca0000 of 64 bytes failed: Запрос ReadProcessMemory или WriteProcessMemory был выполнен только частично. (0x12B)
[0316/102217.625:WARNING:pe_image_reader.cc(340)] could not read dos header from C:\Windows\System32\ADVAPI32.dll
[0316/102217.625:ERROR:process_memory_win.cc(73)] ReadMemory at 0x7ff848a70000 of 64 bytes failed: Запрос ReadProcessMemory или WriteProcessMemory был выполнен только частично. (0x12B)
[0316/102217.625:WARNING:pe_image_reader.cc(340)] could not read dos header from C:\Windows\System32\sechost.dll
[0316/102217.625:ERROR:process_memory_win.cc(73)] ReadMemory at 0x7ff8473f0000 of 64 bytes failed: Запрос ReadProcessMemory или WriteProcessMemory был выполнен только частично. (0x12B)
[0316/102217.625:WARNING:pe_image_reader.cc(340)] could not read dos header from C:\Windows\System32\RPCRT4.dll
[0316/102217.625:ERROR:process_memory_win.cc(73)] ReadMemory at 0x7ffff59e0000 of 64 bytes failed: Запрос ReadProcessMemory или WriteProcessMemory был выполнен только частично. (0x12B)
[0316/102217.625:WARNING:pe_image_reader.cc(340)] could not read dos header from C:\Program Files (x86)\Google\Chrome\Application\80.0.3987.132\chrome.dll
[0316/102217.625:ERROR:process_memory_win.cc(73)] ReadMemory at 0x7ff849860000 of 64 bytes failed: Запрос ReadProcessMemory или WriteProcessMemory был выполнен только частично. (0x12B)
[0316/102217.625:WARNING:pe_image_reader.cc(340)] could not read dos header from C:\Windows\System32\WS2_32.dll
[0316/102217.625:ERROR:process_memory_win.cc(73)] ReadMemory at 0x7ff849950000 of 64 bytes failed: Запрос ReadProcessMemory или WriteProcessMemory был выполнен только частично. (0x12B)
[0316/102217.625:WARNING:pe_image_reader.cc(340)] could not read dos header from C:\Windows\System32\OLEAUT32.dll
[0316/102217.625:ERROR:process_memory_win.cc(73)] ReadMemory at 0x7ff8461f0000 of 64 bytes failed: Запрос ReadProcessMemory или WriteProcessMemory был выполнен только частично. (0x12B)
[0316/102217.625:WARNING:pe_image_reader.cc(340)] could not read dos header from C:\Windows\System32\msvcp_win.dll
[0316/102217.625:ERROR:process_memory_win.cc(73)] ReadMemory at 0x7ff846d20000 of 64 bytes failed: Запрос ReadProcessMemory или WriteProcessMemory был выполнен только частично. (0x12B)
[0316/102217.625:WARNING:pe_image_reader.cc(340)] could not read dos header from C:\Windows\System32\ucrtbase.dll
[0316/102217.625:ERROR:process_memory_win.cc(73)] ReadMemory at 0x7ff848ca0000 of 64 bytes failed: Запрос ReadProcessMemory или WriteProcessMemory был выполнен только частично. (0x12B)
[0316/102217.625:WARNING:pe_image_reader.cc(340)] could not read dos header from C:\Windows\System32\combase.dll
[0316/102217.625:ERROR:process_memory_win.cc(73)] ReadMemory at 0x7ff846290000 of 64 bytes failed: Запрос ReadProcessMemory или WriteProcessMemory был выполнен только частично. (0x12B)
[0316/102217.625:WARNING:pe_image_reader.cc(340)] could not read dos header from C:\Windows\System32\WINTRUST.dll
[0316/102217.625:ERROR:process_memory_win.cc(73)] ReadMemory at 0x7ff845f40000 of 64 bytes failed: Запрос ReadProcessMemory или WriteProcessMemory был выполнен только частично. (0x12B)
[0316/102217.625:WARNING:pe_image_reader.cc(340)] could not read dos header from C:\Windows\System32\MSASN1.dll
[0316/102217.625:ERROR:process_memory_win.cc(73)] ReadMemory at 0x7ff846010000 of 64 bytes failed: Запрос ReadProcessMemory или WriteProcessMemory был выполнен только частично. (0x12B)
[0316/102217.625:WARNING:pe_image_reader.cc(340)] could not read dos header from C:\Windows\System32\CRYPT32.dll
[0316/102217.625:ERROR:process_memory_win.cc(73)] ReadMemory at 0x7ff8454d0000 of 64 bytes failed: Запрос ReadProcessMemory или WriteProcessMemory был выполнен только частично. (0x12B)
[0316/102217.625:WARNING:pe_image_reader.cc(340)] could not read dos header from C:\Windows\SYSTEM32\IPHLPAPI.DLL
[0316/102217.625:ERROR:process_memory_win.cc(73)] ReadMemory at 0x7ff844160000 of 64 bytes failed: Запрос ReadProcessMemory или WriteProcessMemory был выполнен только частично. (0x12B)
[0316/102217.625:WARNING:pe_image_reader.cc(340)] could not read dos header from C:\Windows\SYSTEM32\WINMM.dll
[0316/102217.625:ERROR:process_memory_win.cc(73)] ReadMemory at 0x7ff840f70000 of 64 bytes failed: Запрос ReadProcessMemory или WriteProcessMemory был выполнен только частично. (0x12B)
[0316/102217.625:WARNING:pe_image_reader.cc(340)] could not read dos header from C:\Windows\SYSTEM32\Secur32.dll
[0316/102217.625:ERROR:process_memory_win.cc(73)] ReadMemory at 0x7ff845e40000 of 64 bytes failed: Запрос ReadProcessMemory или WriteProcessMemory был выполнен только частично. (0x12B)
[0316/102217.625:WARNING:pe_image_reader.cc(340)] could not read dos header from C:\Windows\SYSTEM32\USERENV.dll
[0316/102217.625:ERROR:process_memory_win.cc(73)] ReadMemory at 0x7ff845f80000 of 64 bytes failed: Запрос ReadProcessMemory или WriteProcessMemory был выполнен только частично. (0x12B)
[0316/102217.625:WARNING:pe_image_reader.cc(340)] could not read dos header from C:\Windows\System32\profapi.dll
[0316/102217.625:ERROR:process_memory_win.cc(73)] ReadMemory at 0x7ff815e70000 of 64 bytes failed: Запрос ReadProcessMemory или WriteProcessMemory был выполнен только частично. (0x12B)
[0316/102217.625:WARNING:pe_image_reader.cc(340)] could not read dos header from C:\Windows\SYSTEM32\UIAutomationCore.DLL
[0316/102217.625:ERROR:process_memory_win.cc(73)] ReadMemory at 0x7ff83a6e0000 of 64 bytes failed: Запрос ReadProcessMemory или WriteProcessMemory был выполнен только частично. (0x12B)
[0316/102217.625:WARNING:pe_image_reader.cc(340)] could not read dos header from C:\Windows\SYSTEM32\DWrite.dll
[0316/102217.625:ERROR:process_memory_win.cc(73)] ReadMemory at 0x7ff8416d0000 of 64 bytes failed: Запрос ReadProcessMemory или WriteProcessMemory был выполнен только частично. (0x12B)
[0316/102217.625:WARNING:pe_image_reader.cc(340)] could not read dos header from C:\Windows\SYSTEM32\WINSPOOL.DRV
[0316/102217.625:ERROR:process_memory_win.cc(73)] ReadMemory at 0x7ff845f60000 of 64 bytes failed: Запрос ReadProcessMemory или WriteProcessMemory был выполнен только частично. (0x12B)
[0316/102217.626:WARNING:pe_image_reader.cc(340)] could not read dos header from C:\Windows\System32\kernel.appcore.dll
[0316/102217.626:ERROR:process_memory_win.cc(73)] ReadMemory at 0x7ff846c20000 of 64 bytes failed: Запрос ReadProcessMemory или WriteProcessMemory был выполнен только частично. (0x12B)
[0316/102217.626:WARNING:pe_image_reader.cc(340)] could not read dos header from C:\Windows\System32\bcrypt.dll
[0316/102217.626:ERROR:process_memory_win.cc(73)] ReadMemory at 0x7ff8260a0000 of 64 bytes failed: Запрос ReadProcessMemory или WriteProcessMemory был выполнен только частично. (0x12B)
[0316/102217.626:WARNING:pe_image_reader.cc(340)] could not read dos header from C:\Windows\SYSTEM32\dbghelp.dll
[0316/102217.626:ERROR:process_memory_win.cc(73)] ReadMemory at 0x7ff8421e0000 of 64 bytes failed: Запрос ReadProcessMemory или WriteProcessMemory был выполнен только частично. (0x12B)
[0316/102217.626:WARNING:pe_image_reader.cc(340)] could not read dos header from C:\Windows\SYSTEM32\WINHTTP.dll
[0316/102217.626:ERROR:process_memory_win.cc(73)] ReadMemory at 0x7ff83e3d0000 of 64 bytes failed: Запрос ReadProcessMemory или WriteProcessMemory был выполнен только частично. (0x12B)
[0316/102217.626:WARNING:pe_image_reader.cc(340)] could not read dos header from C:\Windows\SYSTEM32\dhcpcsvc.DLL
[0316/102217.626:ERROR:process_memory_win.cc(73)] ReadMemory at 0x7ff847240000 of 64 bytes failed: Запрос ReadProcessMemory или WriteProcessMemory был выполнен только частично. (0x12B)
[0316/102217.626:WARNING:pe_image_reader.cc(340)] could not read dos header from C:\Windows\System32\NSI.dll
[0316/102217.626:ERROR:process_memory_win.cc(73)] ReadMemory at 0x7ff844130000 of 64 bytes failed: Запрос ReadProcessMemory или WriteProcessMemory был выполнен только частично. (0x12B)
[0316/102217.626:WARNING:pe_image_reader.cc(340)] could not read dos header from C:\Windows\SYSTEM32\WINMMBASE.dll
[0316/102217.626:ERROR:process_memory_win.cc(73)] ReadMemory at 0x7ff846cd0000 of 64 bytes failed: Запрос ReadProcessMemory или WriteProcessMemory был выполнен только частично. (0x12B)
[0316/102217.626:WARNING:pe_image_reader.cc(340)] could not read dos header from C:\Windows\System32\cfgmgr32.dll
[0316/102217.626:ERROR:process_memory_win.cc(73)] ReadMemory at 0x7ff83aef0000 of 64 bytes failed: Запрос ReadProcessMemory или WriteProcessMemory был выполнен только частично. (0x12B)
[0316/102217.626:WARNING:pe_image_reader.cc(340)] could not read dos header from C:\Windows\SYSTEM32\Bcp47Langs.dll
[0316/102217.626:ERROR:process_memory_win.cc(73)] ReadMemory at 0x7ff841e30000 of 64 bytes failed: Запрос ReadProcessMemory или WriteProcessMemory был выполнен только частично. (0x12B)
[0316/102217.626:WARNING:pe_image_reader.cc(340)] could not read dos header from C:\Windows\SYSTEM32\PROPSYS.dll
[0316/102217.626:ERROR:process_memory_win.cc(73)] ReadMemory at 0x7ff849bc0000 of 64 bytes failed: Запрос ReadProcessMemory или WriteProcessMemory был выполнен только частично. (0x12B)
[0316/102217.626:WARNING:pe_image_reader.cc(340)] could not read dos header from C:\Windows\System32\shcore.dll
[0316/102217.626:ERROR:process_memory_win.cc(73)] ReadMemory at 0x7ff845e70000 of 64 bytes failed: Запрос ReadProcessMemory или WriteProcessMemory был выполнен только частично. (0x12B)
[0316/102217.626:WARNING:pe_image_reader.cc(340)] could not read dos header from C:\Windows\SYSTEM32\SSPICLI.DLL
[0316/102217.626:ERROR:process_memory_win.cc(73)] ReadMemory at 0x7ff845980000 of 64 bytes failed: Запрос ReadProcessMemory или WriteProcessMemory был выполнен только частично. (0x12B)
[0316/102217.626:WARNING:pe_image_reader.cc(340)] could not read dos header from C:\Windows\SYSTEM32\CRYPTBASE.DLL
[0316/102217.626:ERROR:process_memory_win.cc(73)] ReadMemory at 0x7ff6b02b0000 of 64 bytes failed: Запрос ReadProcessMemory или WriteProcessMemory был выполнен только частично. (0x12B)
[0316/102217.626:WARNING:pe_image_reader.cc(340)] could not read dos header from C:\Program Files (x86)\Google\Chrome\Application\chrome.exe
[0316/102217.626:ERROR:process_memory_win.cc(73)] ReadMemory at 0x7ff849f40000 of 64 bytes failed: Запрос ReadProcessMemory или WriteProcessMemory был выполнен только частично. (0x12B)
[0316/102217.626:WARNING:pe_image_reader.cc(340)] could not read dos header from C:\Windows\SYSTEM32\ntdll.dll
[0316/102217.626:ERROR:process_memory_win.cc(73)] ReadMemory at 0x7ff848fd0000 of 64 bytes failed: Запрос ReadProcessMemory или WriteProcessMemory был выполнен только частично. (0x12B)
[0316/102217.626:WARNING:pe_image_reader.cc(340)] could not read dos header from C:\Windows\System32\KERNEL32.DLL
[0316/102217.626:ERROR:process_memory_win.cc(73)] ReadMemory at 0x7ff846e20000 of 64 bytes failed: Запрос ReadProcessMemory или WriteProcessMemory был выполнен только частично. (0x12B)
[0316/102217.626:WARNING:pe_image_reader.cc(340)] could not read dos header from C:\Windows\System32\KERNELBASE.dll
[0316/102217.626:ERROR:process_memory_win.cc(73)] ReadMemory at 0x7ff82f930000 of 64 bytes failed: Запрос ReadProcessMemory или WriteProcessMemory был выполнен только частично. (0x12B)
[0316/102217.627:WARNING:pe_image_reader.cc(340)] could not read dos header from C:\Program Files (x86)\Google\Chrome\Application\80.0.3987.132\chrome_elf.dll
[0316/102217.627:ERROR:process_memory_win.cc(73)] ReadMemory at 0x7ff8412f0000 of 64 bytes failed: Запрос ReadProcessMemory или WriteProcessMemory был выполнен только частично. (0x12B)
[0316/102217.627:WARNING:pe_image_reader.cc(340)] could not read dos header from C:\Windows\SYSTEM32\VERSION.dll
[0316/102217.627:ERROR:process_memory_win.cc(73)] ReadMemory at 0x7ff8471a0000 of 64 bytes failed: Запрос ReadProcessMemory или WriteProcessMemory был выполнен только частично. (0x12B)
[0316/102217.627:WARNING:pe_image_reader.cc(340)] could not read dos header from C:\Windows\System32\msvcrt.dll
[0316/102217.627:ERROR:process_memory_win.cc(73)] ReadMemory at 0x7ff846c50000 of 64 bytes failed: Запрос ReadProcessMemory или WriteProcessMemory был выполнен только частично. (0x12B)
[0316/102217.627:WARNING:pe_image_reader.cc(340)] could not read dos header from C:\Windows\System32\bcryptPrimitives.dll
[0316/102217.627:ERROR:process_memory_win.cc(73)] ReadMemory at 0x7ff849ca0000 of 64 bytes failed: Запрос ReadProcessMemory или WriteProcessMemory был выполнен только частично. (0x12B)
[0316/102217.627:WARNING:pe_image_reader.cc(340)] could not read dos header from C:\Windows\System32\ADVAPI32.dll
[0316/102217.627:ERROR:process_memory_win.cc(73)] ReadMemory at 0x7ff848a70000 of 64 bytes failed: Запрос ReadProcessMemory или WriteProcessMemory был выполнен только частично. (0x12B)
[0316/102217.627:WARNING:pe_image_reader.cc(340)] could not read dos header from C:\Windows\System32\sechost.dll
[0316/102217.627:ERROR:process_memory_win.cc(73)] ReadMemory at 0x7ff8473f0000 of 64 bytes failed: Запрос ReadProcessMemory или WriteProcessMemory был выполнен только частично. (0x12B)
[0316/102217.627:WARNING:pe_image_reader.cc(340)] could not read dos header from C:\Windows\System32\RPCRT4.dll
[0316/102217.627:ERROR:process_memory_win.cc(73)] ReadMemory at 0x7ffff59e0000 of 64 bytes failed: Запрос ReadProcessMemory или WriteProcessMemory был выполнен только частично. (0x12B)
[0316/102217.627:WARNING:pe_image_reader.cc(340)] could not read dos header from C:\Program Files (x86)\Google\Chrome\Application\80.0.3987.132\chrome.dll
[0316/102217.627:ERROR:process_memory_win.cc(73)] ReadMemory at 0x7ff849860000 of 64 bytes failed: Запрос ReadProcessMemory или WriteProcessMemory был выполнен только частично. (0x12B)
[0316/102217.627:WARNING:pe_image_reader.cc(340)] could not read dos header from C:\Windows\System32\WS2_32.dll
[0316/102217.627:ERROR:process_memory_win.cc(73)] ReadMemory at 0x7ff849950000 of 64 bytes failed: Запрос ReadProcessMemory или WriteProcessMemory был выполнен только частично. (0x12B)
[0316/102217.627:WARNING:pe_image_reader.cc(340)] could not read dos header from C:\Windows\System32\OLEAUT32.dll
[0316/102217.627:ERROR:process_memory_win.cc(73)] ReadMemory at 0x7ff8461f0000 of 64 bytes failed: Запрос ReadProcessMemory или WriteProcessMemory был выполнен только частично. (0x12B)
[0316/102217.627:WARNING:pe_image_reader.cc(340)] could not read dos header from C:\Windows\System32\msvcp_win.dll
[0316/102217.627:ERROR:process_memory_win.cc(73)] ReadMemory at 0x7ff846d20000 of 64 bytes failed: Запрос ReadProcessMemory или WriteProcessMemory был выполнен только частично. (0x12B)
[0316/102217.627:WARNING:pe_image_reader.cc(340)] could not read dos header from C:\Windows\System32\ucrtbase.dll
[0316/102217.627:ERROR:process_memory_win.cc(73)] ReadMemory at 0x7ff848ca0000 of 64 bytes failed: Запрос ReadProcessMemory или WriteProcessMemory был выполнен только частично. (0x12B)
[0316/102217.627:WARNING:pe_image_reader.cc(340)] could not read dos header from C:\Windows\System32\combase.dll
[0316/102217.627:ERROR:process_memory_win.cc(73)] ReadMemory at 0x7ff846290000 of 64 bytes failed: Запрос ReadProcessMemory или WriteProcessMemory был выполнен только частично. (0x12B)
[0316/102217.627:WARNING:pe_image_reader.cc(340)] could not read dos header from C:\Windows\System32\WINTRUST.dll
[0316/102217.627:ERROR:process_memory_win.cc(73)] ReadMemory at 0x7ff845f40000 of 64 bytes failed: Запрос ReadProcessMemory или WriteProcessMemory был выполнен только частично. (0x12B)
[0316/102217.627:WARNING:pe_image_reader.cc(340)] could not read dos header from C:\Windows\System32\MSASN1.dll
[0316/102217.627:ERROR:process_memory_win.cc(73)] ReadMemory at 0x7ff846010000 of 64 bytes failed: Запрос ReadProcessMemory или WriteProcessMemory был выполнен только частично. (0x12B)
[0316/102217.627:WARNING:pe_image_reader.cc(340)] could not read dos header from C:\Windows\System32\CRYPT32.dll
[0316/102217.627:ERROR:process_memory_win.cc(73)] ReadMemory at 0x7ff8454d0000 of 64 bytes failed: Запрос ReadProcessMemory или WriteProcessMemory был выполнен только частично. (0x12B)
[0316/102217.627:WARNING:pe_image_reader.cc(340)] could not read dos header from C:\Windows\SYSTEM32\IPHLPAPI.DLL
[0316/102217.627:ERROR:process_memory_win.cc(73)] ReadMemory at 0x7ff844160000 of 64 bytes failed: Запрос ReadProcessMemory или WriteProcessMemory был выполнен только частично. (0x12B)
[0316/102217.627:WARNING:pe_image_reader.cc(340)] could not read dos header from C:\Windows\SYSTEM32\WINMM.dll
[0316/102217.627:ERROR:process_memory_win.cc(73)] ReadMemory at 0x7ff840f70000 of 64 bytes failed: Запрос ReadProcessMemory или WriteProcessMemory был выполнен только частично. (0x12B)
[0316/102217.627:WARNING:pe_image_reader.cc(340)] could not read dos header from C:\Windows\SYSTEM32\Secur32.dll
[0316/102217.627:ERROR:process_memory_win.cc(73)] ReadMemory at 0x7ff845e40000 of 64 bytes failed: Запрос ReadProcessMemory или WriteProcessMemory был выполнен только частично. (0x12B)
[0316/102217.627:WARNING:pe_image_reader.cc(340)] could not read dos header from C:\Windows\SYSTEM32\USERENV.dll
[0316/102217.627:ERROR:process_memory_win.cc(73)] ReadMemory at 0x7ff845f80000 of 64 bytes failed: Запрос ReadProcessMemory или WriteProcessMemory был выполнен только частично. (0x12B)
[0316/102217.628:WARNING:pe_image_reader.cc(340)] could not read dos header from C:\Windows\System32\profapi.dll
[0316/102217.628:ERROR:process_memory_win.cc(73)] ReadMemory at 0x7ff815e70000 of 64 bytes failed: Запрос ReadProcessMemory или WriteProcessMemory был выполнен только частично. (0x12B)
[0316/102217.628:WARNING:pe_image_reader.cc(340)] could not read dos header from C:\Windows\SYSTEM32\UIAutomationCore.DLL
[0316/102217.628:ERROR:process_memory_win.cc(73)] ReadMemory at 0x7ff83a6e0000 of 64 bytes failed: Запрос ReadProcessMemory или WriteProcessMemory был выполнен только частично. (0x12B)
[0316/102217.628:WARNING:pe_image_reader.cc(340)] could not read dos header from C:\Windows\SYSTEM32\DWrite.dll
[0316/102217.628:ERROR:process_memory_win.cc(73)] ReadMemory at 0x7ff8416d0000 of 64 bytes failed: Запрос ReadProcessMemory или WriteProcessMemory был выполнен только частично. (0x12B)
[0316/102217.628:WARNING:pe_image_reader.cc(340)] could not read dos header from C:\Windows\SYSTEM32\WINSPOOL.DRV
[0316/102217.628:ERROR:process_memory_win.cc(73)] ReadMemory at 0x7ff845f60000 of 64 bytes failed: Запрос ReadProcessMemory или WriteProcessMemory был выполнен только частично. (0x12B)
[0316/102217.628:WARNING:pe_image_reader.cc(340)] could not read dos header from C:\Windows\System32\kernel.appcore.dll
[0316/102217.628:ERROR:process_memory_win.cc(73)] ReadMemory at 0x7ff846c20000 of 64 bytes failed: Запрос ReadProcessMemory или WriteProcessMemory был выполнен только частично. (0x12B)
[0316/102217.628:WARNING:pe_image_reader.cc(340)] could not read dos header from C:\Windows\System32\bcrypt.dll
[0316/102217.628:ERROR:process_memory_win.cc(73)] ReadMemory at 0x7ff8260a0000 of 64 bytes failed: Запрос ReadProcessMemory или WriteProcessMemory был выполнен только частично. (0x12B)
[0316/102217.628:WARNING:pe_image_reader.cc(340)] could not read dos header from C:\Windows\SYSTEM32\dbghelp.dll
[0316/102217.628:ERROR:process_memory_win.cc(73)] ReadMemory at 0x7ff8421e0000 of 64 bytes failed: Запрос ReadProcessMemory или WriteProcessMemory был выполнен только частично. (0x12B)
[0316/102217.628:WARNING:pe_image_reader.cc(340)] could not read dos header from C:\Windows\SYSTEM32\WINHTTP.dll
[0316/102217.628:ERROR:process_memory_win.cc(73)] ReadMemory at 0x7ff83e3d0000 of 64 bytes failed: Запрос ReadProcessMemory или WriteProcessMemory был выполнен только частично. (0x12B)
[0316/102217.628:WARNING:pe_image_reader.cc(340)] could not read dos header from C:\Windows\SYSTEM32\dhcpcsvc.DLL
[0316/102217.628:ERROR:process_memory_win.cc(73)] ReadMemory at 0x7ff847240000 of 64 bytes failed: Запрос ReadProcessMemory или WriteProcessMemory был выполнен только частично. (0x12B)
[0316/102217.628:WARNING:pe_image_reader.cc(340)] could not read dos header from C:\Windows\System32\NSI.dll
[0316/102217.628:ERROR:process_memory_win.cc(73)] ReadMemory at 0x7ff844130000 of 64 bytes failed: Запрос ReadProcessMemory или WriteProcessMemory был выполнен только частично. (0x12B)
[0316/102217.628:WARNING:pe_image_reader.cc(340)] could not read dos header from C:\Windows\SYSTEM32\WINMMBASE.dll
[0316/102217.628:ERROR:process_memory_win.cc(73)] ReadMemory at 0x7ff846cd0000 of 64 bytes failed: Запрос ReadProcessMemory или WriteProcessMemory был выполнен только частично. (0x12B)
[0316/102217.628:WARNING:pe_image_reader.cc(340)] could not read dos header from C:\Windows\System32\cfgmgr32.dll
[0316/102217.628:ERROR:process_memory_win.cc(73)] ReadMemory at 0x7ff83aef0000 of 64 bytes failed: Запрос ReadProcessMemory или WriteProcessMemory был выполнен только частично. (0x12B)
[0316/102217.628:WARNING:pe_image_reader.cc(340)] could not read dos header from C:\Windows\SYSTEM32\Bcp47Langs.dll
[0316/102217.628:ERROR:process_memory_win.cc(73)] ReadMemory at 0x7ff841e30000 of 64 bytes failed: Запрос ReadProcessMemory или WriteProcessMemory был выполнен только частично. (0x12B)
[0316/102217.628:WARNING:pe_image_reader.cc(340)] could not read dos header from C:\Windows\SYSTEM32\PROPSYS.dll
[0316/102217.628:ERROR:process_memory_win.cc(73)] ReadMemory at 0x7ff849bc0000 of 64 bytes failed: Запрос ReadProcessMemory или WriteProcessMemory был выполнен только частично. (0x12B)
[0316/102217.628:WARNING:pe_image_reader.cc(340)] could not read dos header from C:\Windows\System32\shcore.dll
[0316/102217.628:ERROR:process_memory_win.cc(73)] ReadMemory at 0x7ff845e70000 of 64 bytes failed: Запрос ReadProcessMemory или WriteProcessMemory был выполнен только частично. (0x12B)
[0316/102217.628:WARNING:pe_image_reader.cc(340)] could not read dos header from C:\Windows\SYSTEM32\SSPICLI.DLL
[0316/102217.628:ERROR:process_memory_win.cc(73)] ReadMemory at 0x7ff845980000 of 64 bytes failed: Запрос ReadProcessMemory или WriteProcessMemory был выполнен только частично. (0x12B)
[0316/102217.628:WARNING:pe_image_reader.cc(340)] could not read dos header from C:\Windows\SYSTEM32\CRYPTBASE.DLL
[0316/102217.634:ERROR:process_memory_win.cc(73)] ReadMemory at 0xa6311f7000 of 36864 bytes failed: Запрос ReadProcessMemory или WriteProcessMemory был выполнен только частично. (0x12B)
[0316/102217.634:ERROR:process_memory_win.cc(73)] ReadMemory at 0xa6319fd000 of 12288 bytes failed: Запрос ReadProcessMemory или WriteProcessMemory был выполнен только частично. (0x12B)
[0316/102217.634:ERROR:process_memory_win.cc(73)] ReadMemory at 0xa6321fc000 of 16384 bytes failed: Запрос ReadProcessMemory или WriteProcessMemory был выполнен только частично. (0x12B)
[0316/102217.634:ERROR:process_memory_win.cc(73)] ReadMemory at 0xa6329fd000 of 12288 bytes failed: Запрос ReadProcessMemory или WriteProcessMemory был выполнен только частично. (0x12B)
[0316/102217.634:ERROR:process_memory_win.cc(73)] ReadMemory at 0xa6331fc000 of 16384 bytes failed: Запрос ReadProcessMemory или WriteProcessMemory был выполнен только частично. (0x12B)
[0316/102217.634:ERROR:process_memory_win.cc(73)] ReadMemory at 0xa6339fe000 of 8192 bytes failed: Запрос ReadProcessMemory или WriteProcessMemory был выполнен только частично. (0x12B)
[0316/102217.635:ERROR:process_memory_win.cc(73)] ReadMemory at 0xa6341fd000 of 12288 bytes failed: Запрос ReadProcessMemory или WriteProcessMemory был выполнен только частично. (0x12B)
[0316/102217.635:ERROR:process_memory_win.cc(73)] ReadMemory at 0xa6349fb000 of 20480 bytes failed: Запрос ReadProcessMemory или WriteProcessMemory был выполнен только частично. (0x12B)
[0316/102217.635:ERROR:process_memory_win.cc(73)] ReadMemory at 0xa6351fd000 of 12288 bytes failed: Запрос ReadProcessMemory или WriteProcessMemory был выполнен только частично. (0x12B)
[0316/102217.635:ERROR:process_memory_win.cc(73)] ReadMemory at 0xa6359fd000 of 12288 bytes failed: Запрос ReadProcessMemory или WriteProcessMemory был выполнен только частично. (0x12B)
[0316/102217.635:ERROR:process_memory_win.cc(73)] ReadMemory at 0xa6361fd000 of 12288 bytes failed: Запрос ReadProcessMemory или WriteProcessMemory был выполнен только частично. (0x12B)
[0316/102217.635:ERROR:process_memory_win.cc(73)] ReadMemory at 0xa6369fd000 of 12288 bytes failed: Запрос ReadProcessMemory или WriteProcessMemory был выполнен только частично. (0x12B)
[0316/102217.635:ERROR:process_memory_win.cc(73)] ReadMemory at 0xa6371fd000 of 12288 bytes failed: Запрос ReadProcessMemory или WriteProcessMemory был выполнен только частично. (0x12B)
[0316/102217.635:ERROR:process_memory_win.cc(73)] ReadMemory at 0xa6379fd000 of 12288 bytes failed: Запрос ReadProcessMemory или WriteProcessMemory был выполнен только частично. (0x12B)
[0316/102217.635:ERROR:process_memory_win.cc(73)] ReadMemory at 0xa6381fd000 of 12288 bytes failed: Запрос ReadProcessMemory или WriteProcessMemory был выполнен только частично. (0x12B)
[0316/102217.635:ERROR:process_memory_win.cc(73)] ReadMemory at 0xa6389fd000 of 12288 bytes failed: Запрос ReadProcessMemory или WriteProcessMemory был выполнен только частично. (0x12B)
[0316/102217.635:ERROR:process_memory_win.cc(73)] ReadMemory at 0xa63097a000 of 852 bytes failed: Запрос ReadProcessMemory или WriteProcessMemory был выполнен только частично. (0x12B)
[0316/102217.635:ERROR:process_memory_win.cc(73)] ReadMemory at 0xa63097b000 of 6024 bytes failed: Запрос ReadProcessMemory или WriteProcessMemory был выполнен только частично. (0x12B)
[0316/102217.635:ERROR:process_memory_win.cc(73)] ReadMemory at 0xa63097d000 of 6024 bytes failed: Запрос ReadProcessMemory или WriteProcessMemory был выполнен только частично. (0x12B)
[0316/102217.635:ERROR:process_memory_win.cc(73)] ReadMemory at 0xa63097f000 of 6024 bytes failed: Запрос ReadProcessMemory или WriteProcessMemory был выполнен только частично. (0x12B)
[0316/102217.635:ERROR:process_memory_win.cc(73)] ReadMemory at 0xa630981000 of 6024 bytes failed: Запрос ReadProcessMemory или WriteProcessMemory был выполнен только частично. (0x12B)
[0316/102217.635:ERROR:process_memory_win.cc(73)] ReadMemory at 0xa630983000 of 6024 bytes failed: Запрос ReadProcessMemory или WriteProcessMemory был выполнен только частично. (0x12B)
[0316/102217.635:ERROR:process_memory_win.cc(73)] ReadMemory at 0xa630985000 of 6024 bytes failed: Запрос ReadProcessMemory или WriteProcessMemory был выполнен только частично. (0x12B)
[0316/102217.636:ERROR:process_memory_win.cc(73)] ReadMemory at 0xa630987000 of 6024 bytes failed: Запрос ReadProcessMemory или WriteProcessMemory был выполнен только частично. (0x12B)
[0316/102217.636:ERROR:process_memory_win.cc(73)] ReadMemory at 0xa630989000 of 6024 bytes failed: Запрос ReadProcessMemory или WriteProcessMemory был выполнен только частично. (0x12B)
[0316/102217.636:ERROR:process_memory_win.cc(73)] ReadMemory at 0xa63098b000 of 6024 bytes failed: Запрос ReadProcessMemory или WriteProcessMemory был выполнен только частично. (0x12B)
[0316/102217.636:ERROR:process_memory_win.cc(73)] ReadMemory at 0xa63098d000 of 6024 bytes failed: Запрос ReadProcessMemory или WriteProcessMemory был выполнен только частично. (0x12B)
[0316/102217.636:ERROR:process_memory_win.cc(73)] ReadMemory at 0xa63098f000 of 6024 bytes failed: Запрос ReadProcessMemory или WriteProcessMemory был выполнен только частично. (0x12B)
[0316/102217.636:ERROR:process_memory_win.cc(73)] ReadMemory at 0xa630991000 of 6024 bytes failed: Запрос ReadProcessMemory или WriteProcessMemory был выполнен только частично. (0x12B)
[0316/102217.636:ERROR:process_memory_win.cc(73)] ReadMemory at 0xa630993000 of 6024 bytes failed: Запрос ReadProcessMemory или WriteProcessMemory был выполнен только частично. (0x12B)
[0316/102217.636:ERROR:process_memory_win.cc(73)] ReadMemory at 0xa630995000 of 6024 bytes failed: Запрос ReadProcessMemory или WriteProcessMemory был выполнен только частично. (0x12B)
[0316/102217.636:ERROR:process_memory_win.cc(73)] ReadMemory at 0xa630997000 of 6024 bytes failed: Запрос ReadProcessMemory или WriteProcessMemory был выполнен только частично. (0x12B)
[0316/102217.636:ERROR:process_memory_win.cc(73)] ReadMemory at 0xa630999000 of 6024 bytes failed: Запрос ReadProcessMemory или WriteProcessMemory был выполнен только частично. (0x12B)
[0316/102217.636:ERROR:process_memory_win.cc(73)] ReadMemory at 0x1d900062500 of 512 bytes failed: Запрос ReadProcessMemory или WriteProcessMemory был выполнен только частично. (0x12B)
[0316/102217.636:ERROR:process_memory_win.cc(73)] ReadMemory at 0x1d9001502a0 of 512 bytes failed: Запрос ReadProcessMemory или WriteProcessMemory был выполнен только частично. (0x12B)
[0316/102217.636:ERROR:process_memory_win.cc(73)] ReadMemory at 0x1d9001a0a00 of 512 bytes failed: Запрос ReadProcessMemory или WriteProcessMemory был выполнен только частично. (0x12B)
[0316/102217.636:ERROR:process_memory_win.cc(73)] ReadMemory at 0x1d9001a3130 of 512 bytes failed: Запрос ReadProcessMemory или WriteProcessMemory был выполнен только частично. (0x12B)
[0316/102217.636:ERROR:process_memory_win.cc(73)] ReadMemory at 0x1d9001a3370 of 512 bytes failed: Запрос ReadProcessMemory или WriteProcessMemory был выполнен только частично. (0x12B)
[0316/102217.637:ERROR:process_memory_win.cc(73)] ReadMemory at 0x1d9001a48e0 of 512 bytes failed: Запрос ReadProcessMemory или WriteProcessMemory был выполнен только частично. (0x12B)
[0316/102217.637:ERROR:process_memory_win.cc(73)] ReadMemory at 0x1d9001c3c20 of 512 bytes failed: Запрос ReadProcessMemory или WriteProcessMemory был выполнен только частично. (0x12B)
[0316/102217.637:ERROR:process_memory_win.cc(73)] ReadMemory at 0x1d9001d0220 of 512 bytes failed: Запрос ReadProcessMemory или WriteProcessMemory был выполнен только частично. (0x12B)
[0316/102217.637:ERROR:process_memory_win.cc(73)] ReadMemory at 0x1d9001eb350 of 712 bytes failed: Запрос ReadProcessMemory или WriteProcessMemory был выполнен только частично. (0x12B)
[0316/102217.637:ERROR:process_memory_win.cc(73)] ReadMemory at 0x1d9001f1828 of 512 bytes failed: Запрос ReadProcessMemory или WriteProcessMemory был выполнен только частично. (0x12B)
[0316/102217.637:ERROR:process_memory_win.cc(73)] ReadMemory at 0x1d9001f1dc8 of 656 bytes failed: Запрос ReadProcessMemory или WriteProcessMemory был выполнен только частично. (0x12B)
[0316/102217.637:ERROR:process_memory_win.cc(73)] ReadMemory at 0x1d9001f2998 of 512 bytes failed: Запрос ReadProcessMemory или WriteProcessMemory был выполнен только частично. (0x12B)
[0316/102217.637:ERROR:process_memory_win.cc(73)] ReadMemory at 0x1d9001f2f38 of 512 bytes failed: Запрос ReadProcessMemory или WriteProcessMemory был выполнен только частично. (0x12B)
[0316/102217.637:ERROR:process_memory_win.cc(73)] ReadMemory at 0x1d9001f4b50 of 512 bytes failed: Запрос ReadProcessMemory или WriteProcessMemory был выполнен только частично. (0x12B)
[0316/102217.637:ERROR:process_memory_win.cc(73)] ReadMemory at 0x1d902027e00 of 528 bytes failed: Запрос ReadProcessMemory или WriteProcessMemory был выполнен только частично. (0x12B)
[0316/102217.637:ERROR:process_memory_win.cc(73)] ReadMemory at 0x1d902028260 of 512 bytes failed: Запрос ReadProcessMemory или WriteProcessMemory был выполнен только частично. (0x12B)
[0316/102217.637:ERROR:process_memory_win.cc(73)] ReadMemory at 0x1d902029b90 of 512 bytes failed: Запрос ReadProcessMemory или WriteProcessMemory был выполнен только частично. (0x12B)
[0316/102217.637:ERROR:process_memory_win.cc(73)] ReadMemory at 0x1d9020dfb20 of 512 bytes failed: Запрос ReadProcessMemory или WriteProcessMemory был выполнен только частично. (0x12B)
[0316/102217.637:ERROR:process_memory_win.cc(73)] ReadMemory at 0x1d9020dfe48 of 512 bytes failed: Запрос ReadProcessMemory или WriteProcessMemory был выполнен только частично. (0x12B)
[0316/102217.637:ERROR:process_memory_win.cc(73)] ReadMemory at 0x1d9025df6e8 of 512 bytes failed: Запрос ReadProcessMemory или WriteProcessMemory был выполнен только частично. (0x12B)
[0316/102217.637:ERROR:process_memory_win.cc(73)] ReadMemory at 0x1d97b0f0fe0 of 5374 bytes failed: Запрос ReadProcessMemory или WriteProcessMemory был выполнен только частично. (0x12B)
[0316/102217.637:ERROR:process_memory_win.cc(73)] ReadMemory at 0x1d97b0f24f0 of 1012 bytes failed: Запрос ReadProcessMemory или WriteProcessMemory был выполнен только частично. (0x12B)
[0316/102217.637:ERROR:process_memory_win.cc(73)] ReadMemory at 0x1d97b0f2b18 of 118 bytes failed: Запрос ReadProcessMemory или WriteProcessMemory был выполнен только частично. (0x12B)
[0316/102217.637:ERROR:process_memory_win.cc(73)] ReadMemory at 0x1d97b0f2b90 of 750 bytes failed: Запрос ReadProcessMemory или WriteProcessMemory был выполнен только частично. (0x12B)
[0316/102217.637:ERROR:process_memory_win.cc(73)] ReadMemory at 0x1d97b0f2e80 of 118 bytes failed: Запрос ReadProcessMemory или WriteProcessMemory был выполнен только частично. (0x12B)
[0316/102217.637:ERROR:process_memory_win.cc(73)] ReadMemory at 0x1d97b0f2ef8 of 100 bytes failed: Запрос ReadProcessMemory или WriteProcessMemory был выполнен только частично. (0x12B)
[0316/102217.638:ERROR:process_memory_win.cc(73)] ReadMemory at 0x1d97b0f2f70 of 58 bytes failed: Запрос ReadProcessMemory или WriteProcessMemory был выполнен только частично. (0x12B)
[0316/102217.638:ERROR:process_memory_win.cc(73)] ReadMemory at 0x1d97b0f3070 of 132 bytes failed: Запрос ReadProcessMemory или WriteProcessMemory был выполнен только частично. (0x12B)
[0316/102217.638:ERROR:process_memory_win.cc(73)] ReadMemory at 0x1d97b0f3200 of 132 bytes failed: Запрос ReadProcessMemory или WriteProcessMemory был выполнен только частично. (0x12B)
[0316/102217.638:ERROR:process_memory_win.cc(73)] ReadMemory at 0x1d97b0f33c0 of 126 bytes failed: Запрос ReadProcessMemory или WriteProcessMemory был выполнен только частично. (0x12B)
[0316/102217.638:ERROR:process_memory_win.cc(73)] ReadMemory at 0x1d97b0f37a0 of 132 bytes failed: Запрос ReadProcessMemory или WriteProcessMemory был выполнен только частично. (0x12B)
[0316/102217.638:ERROR:process_memory_win.cc(73)] ReadMemory at 0x1d97b0f3930 of 64 bytes failed: Запрос ReadProcessMemory или WriteProcessMemory был выполнен только частично. (0x12B)
[0316/102217.638:ERROR:process_memory_win.cc(73)] ReadMemory at 0x1d97b0f3980 of 132 bytes failed: Запрос ReadProcessMemory или WriteProcessMemory был выполнен только частично. (0x12B)
[0316/102217.638:ERROR:process_memory_win.cc(73)] ReadMemory at 0x1d97b0f3ab0 of 146 bytes failed: Запрос ReadProcessMemory или WriteProcessMemory был выполнен только частично. (0x12B)
[0316/102217.638:ERROR:process_memory_win.cc(73)] ReadMemory at 0x1d97b0f3b90 of 154 bytes failed: Запрос ReadProcessMemory или WriteProcessMemory был выполнен только частично. (0x12B)
[0316/102217.638:ERROR:process_memory_win.cc(73)] ReadMemory at 0x1d97b0f3d90 of 132 bytes failed: Запрос ReadProcessMemory или WriteProcessMemory был выполнен только частично. (0x12B)
[0316/102217.638:ERROR:process_memory_win.cc(73)] ReadMemory at 0x1d97b0f3f20 of 68 bytes failed: Запрос ReadProcessMemory или WriteProcessMemory был выполнен только частично. (0x12B)
[0316/102217.638:ERROR:process_memory_win.cc(73)] ReadMemory at 0x1d97b0f4df0 of 132 bytes failed: Запрос ReadProcessMemory или WriteProcessMemory был выполнен только частично. (0x12B)
[0316/102217.638:ERROR:process_memory_win.cc(73)] ReadMemory at 0x1d97b0f4fd0 of 132 bytes failed: Запрос ReadProcessMemory или WriteProcessMemory был выполнен только частично. (0x12B)
[0316/102217.638:ERROR:process_memory_win.cc(73)] ReadMemory at 0x1d97b0f5880 of 62 bytes failed: Запрос ReadProcessMemory или WriteProcessMemory был выполнен только частично. (0x12B)
[0316/102217.638:ERROR:process_memory_win.cc(73)] ReadMemory at 0x1d97b0f5ca0 of 132 bytes failed: Запрос ReadProcessMemory или WriteProcessMemory был выполнен только частично. (0x12B)
[0316/102217.638:ERROR:process_memory_win.cc(73)] ReadMemory at 0x1d97b0f6060 of 132 bytes failed: Запрос ReadProcessMemory или WriteProcessMemory был выполнен только частично. (0x12B)
[0316/102217.638:ERROR:process_memory_win.cc(73)] ReadMemory at 0x1d97b0f61f0 of 60 bytes failed: Запрос ReadProcessMemory или WriteProcessMemory был выполнен только частично. (0x12B)
[0316/102217.638:ERROR:process_memory_win.cc(73)] ReadMemory at 0x1d97b0f6590 of 132 bytes failed: Запрос ReadProcessMemory или WriteProcessMemory был выполнен только частично. (0x12B)
[0316/102217.638:ERROR:process_memory_win.cc(73)] ReadMemory at 0x1d97b0fa7c0 of 132 bytes failed: Запрос ReadProcessMemory или WriteProcessMemory был выполнен только частично. (0x12B)
[0316/102217.638:ERROR:process_memory_win.cc(73)] ReadMemory at 0x1d97b0faad0 of 60 bytes failed: Запрос ReadProcessMemory или WriteProcessMemory был выполнен только частично. (0x12B)
[0316/102217.638:ERROR:process_memory_win.cc(73)] ReadMemory at 0x1d97b0fab20 of 64 bytes failed: Запрос ReadProcessMemory или WriteProcessMemory был выполнен только частично. (0x12B)
[0316/102217.638:ERROR:process_memory_win.cc(73)] ReadMemory at 0x1d97b0fab70 of 62 bytes failed: Запрос ReadProcessMemory или WriteProcessMemory был выполнен только частично. (0x12B)
[0316/102217.638:ERROR:process_memory_win.cc(73)] ReadMemory at 0x1d97b0fac10 of 64 bytes failed: Запрос ReadProcessMemory или WriteProcessMemory был выполнен только частично. (0x12B)
[0316/102217.639:ERROR:process_memory_win.cc(73)] ReadMemory at 0x1d97b0fac60 of 62 bytes failed: Запрос ReadProcessMemory или WriteProcessMemory был выполнен только частично. (0x12B)
[0316/102217.639:ERROR:process_memory_win.cc(73)] ReadMemory at 0x1d97b0facb0 of 64 bytes failed: Запрос ReadProcessMemory или WriteProcessMemory был выполнен только частично. (0x12B)
[0316/102217.639:ERROR:process_memory_win.cc(73)] ReadMemory at 0x1d97b0fae40 of 66 bytes failed: Запрос ReadProcessMemory или WriteProcessMemory был выполнен только частично. (0x12B)
[0316/102217.639:ERROR:process_memory_win.cc(73)] ReadMemory at 0x1d97b0faf30 of 64 bytes failed: Запрос ReadProcessMemory или WriteProcessMemory был выполнен только частично. (0x12B)
[0316/102217.639:ERROR:process_memory_win.cc(73)] ReadMemory at 0x1d97b0fb070 of 60 bytes failed: Запрос ReadProcessMemory или WriteProcessMemory был выполнен только частично. (0x12B)
[0316/102217.639:ERROR:process_memory_win.cc(73)] ReadMemory at 0x1d97b0fb890 of 132 bytes failed: Запрос ReadProcessMemory или WriteProcessMemory был выполнен только частично. (0x12B)
[0316/102217.639:ERROR:process_memory_win.cc(73)] ReadMemory at 0x1d97b0fba20 of 80 bytes failed: Запрос ReadProcessMemory или WriteProcessMemory был выполнен только частично. (0x12B)
[0316/102217.639:ERROR:process_memory_win.cc(73)] ReadMemory at 0x1d97b0fce40 of 80 bytes failed: Запрос ReadProcessMemory или WriteProcessMemory был выполнен только частично. (0x12B)
[0316/102217.639:ERROR:process_memory_win.cc(73)] ReadMemory at 0x1d97b0fcf60 of 76 bytes failed: Запрос ReadProcessMemory или WriteProcessMemory был выполнен только частично. (0x12B)
[0316/102217.639:ERROR:process_memory_win.cc(73)] ReadMemory at 0x1d97b0feb00 of 54 bytes failed: Запрос ReadProcessMemory или WriteProcessMemory был выполнен только частично. (0x12B)
[0316/102217.639:ERROR:process_memory_win.cc(73)] ReadMemory at 0x1d97b100700 of 132 bytes failed: Запрос ReadProcessMemory или WriteProcessMemory был выполнен только частично. (0x12B)
[0316/102217.639:ERROR:process_memory_win.cc(73)] ReadMemory at 0x1d97b1019e0 of 132 bytes failed: Запрос ReadProcessMemory или WriteProcessMemory был выполнен только частично. (0x12B)
[0316/102217.639:ERROR:process_memory_win.cc(73)] ReadMemory at 0x1d97b102cd0 of 132 bytes failed: Запрос ReadProcessMemory или WriteProcessMemory был выполнен только частично. (0x12B)
[0316/102217.639:ERROR:process_memory_win.cc(73)] ReadMemory at 0x1d97b102ef0 of 132 bytes failed: Запрос ReadProcessMemory или WriteProcessMemory был выполнен только частично. (0x12B)
[0316/102217.639:ERROR:process_memory_win.cc(73)] ReadMemory at 0x1d97b104b10 of 132 bytes failed: Запрос ReadProcessMemory или WriteProcessMemory был выполнен только частично. (0x12B)
[0316/102217.639:ERROR:process_memory_win.cc(73)] ReadMemory at 0x1d97b104c40 of 132 bytes failed: Запрос ReadProcessMemory или WriteProcessMemory был выполнен только частично. (0x12B)
[0316/102217.639:ERROR:process_memory_win.cc(73)] ReadMemory at 0x1d97b104d70 of 132 bytes failed: Запрос ReadProcessMemory или WriteProcessMemory был выполнен только частично. (0x12B)
[0316/102217.639:ERROR:process_memory_win.cc(73)] ReadMemory at 0x1d97b104ea0 of 132 bytes failed: Запрос ReadProcessMemory или WriteProcessMemory был выполнен только частично. (0x12B)
[0316/102217.639:ERROR:process_memory_win.cc(73)] ReadMemory at 0x1d97b104fd0 of 132 bytes failed: Запрос ReadProcessMemory или WriteProcessMemory был выполнен только частично. (0x12B)
[0316/102217.639:ERROR:process_memory_win.cc(73)] ReadMemory at 0x1d97b105100 of 132 bytes failed: Запрос ReadProcessMemory или WriteProcessMemory был выполнен только частично. (0x12B)
[0316/102217.639:ERROR:process_memory_win.cc(73)] ReadMemory at 0x1d97b105230 of 132 bytes failed: Запрос ReadProcessMemory или WriteProcessMemory был выполнен только частично. (0x12B)
[0316/102217.639:ERROR:process_memory_win.cc(73)] ReadMemory at 0x1d97b105360 of 132 bytes failed: Запрос ReadProcessMemory или WriteProcessMemory был выполнен только частично. (0x12B)
[0316/102217.639:ERROR:process_memory_win.cc(73)] ReadMemory at 0x1d97b105490 of 132 bytes failed: Запрос ReadProcessMemory или WriteProcessMemory был выполнен только частично. (0x12B)
[0316/102217.639:ERROR:process_memory_win.cc(73)] ReadMemory at 0x1d97b1056f0 of 132 bytes failed: Запрос ReadProcessMemory или WriteProcessMemory был выполнен только частично. (0x12B)
[0316/102217.639:ERROR:process_memory_win.cc(73)] ReadMemory at 0x1d97b105820 of 132 bytes failed: Запрос ReadProcessMemory или WriteProcessMemory был выполнен только частично. (0x12B)
[0316/102217.640:ERROR:process_memory_win.cc(73)] ReadMemory at 0x1d97b105950 of 132 bytes failed: Запрос ReadProcessMemory или WriteProcessMemory был выполнен только частично. (0x12B)
[0316/102217.640:ERROR:process_memory_win.cc(73)] ReadMemory at 0x1d97b106040 of 58 bytes failed: Запрос ReadProcessMemory или WriteProcessMemory был выполнен только частично. (0x12B)
[0316/102217.640:ERROR:process_memory_win.cc(73)] ReadMemory at 0x1d97b106090 of 60 bytes failed: Запрос ReadProcessMemory или WriteProcessMemory был выполнен только частично. (0x12B)
[0316/102217.640:ERROR:process_memory_win.cc(73)] ReadMemory at 0x1d97b1060e0 of 60 bytes failed: Запрос ReadProcessMemory или WriteProcessMemory был выполнен только частично. (0x12B)
[0316/102217.640:ERROR:process_memory_win.cc(73)] ReadMemory at 0x1d97b1064f0 of 62 bytes failed: Запрос ReadProcessMemory или WriteProcessMemory был выполнен только частично. (0x12B)
[0316/102217.640:ERROR:process_memory_win.cc(73)] ReadMemory at 0x1d97b106680 of 62 bytes failed: Запрос ReadProcessMemory или WriteProcessMemory был выполнен только частично. (0x12B)
[0316/102217.640:ERROR:process_memory_win.cc(73)] ReadMemory at 0x1d97b1066d0 of 66 bytes failed: Запрос ReadProcessMemory или WriteProcessMemory был выполнен только частично. (0x12B)
[0316/102217.640:ERROR:process_memory_win.cc(73)] ReadMemory at 0x1d97b106720 of 64 bytes failed: Запрос ReadProcessMemory или WriteProcessMemory был выполнен только частично. (0x12B)
[0316/102217.640:ERROR:process_memory_win.cc(73)] ReadMemory at 0x1d97b106770 of 62 bytes failed: Запрос ReadProcessMemory или WriteProcessMemory был выполнен только частично. (0x12B)
[0316/102217.640:ERROR:process_memory_win.cc(73)] ReadMemory at 0x1d97b106810 of 68 bytes failed: Запрос ReadProcessMemory или WriteProcessMemory был выполнен только частично. (0x12B)
[0316/102217.640:ERROR:process_memory_win.cc(73)] ReadMemory at 0x1d97b1068b0 of 64 bytes failed: Запрос ReadProcessMemory или WriteProcessMemory был выполнен только частично. (0x12B)
[0316/102217.640:ERROR:process_memory_win.cc(73)] ReadMemory at 0x1d97b106900 of 62 bytes failed: Запрос ReadProcessMemory или WriteProcessMemory был выполнен только частично. (0x12B)
[0316/102217.640:ERROR:process_memory_win.cc(73)] ReadMemory at 0x1d97b106950 of 62 bytes failed: Запрос ReadProcessMemory или WriteProcessMemory был выполнен только частично. (0x12B)
[0316/102217.640:ERROR:process_memory_win.cc(73)] ReadMemory at 0x1d97b1069f0 of 60 bytes failed: Запрос ReadProcessMemory или WriteProcessMemory был выполнен только частично. (0x12B)
[0316/102217.640:ERROR:process_memory_win.cc(73)] ReadMemory at 0x1d97b106ae0 of 60 bytes failed: Запрос ReadProcessMemory или WriteProcessMemory был выполнен только частично. (0x12B)
[0316/102217.640:ERROR:process_memory_win.cc(73)] ReadMemory at 0x1d97b106b80 of 64 bytes failed: Запрос ReadProcessMemory или WriteProcessMemory был выполнен только частично. (0x12B)
[0316/102217.640:ERROR:process_memory_win.cc(73)] ReadMemory at 0x1d97b106bd0 of 64 bytes failed: Запрос ReadProcessMemory или WriteProcessMemory был выполнен только частично. (0x12B)
[0316/102217.640:ERROR:process_memory_win.cc(73)] ReadMemory at 0x1d97b106d10 of 62 bytes failed: Запрос ReadProcessMemory или WriteProcessMemory был выполнен только частично. (0x12B)
[0316/102217.640:ERROR:process_memory_win.cc(73)] ReadMemory at 0x1d97b106e50 of 62 bytes failed: Запрос ReadProcessMemory или WriteProcessMemory был выполнен только частично. (0x12B)
[0316/102217.640:ERROR:process_memory_win.cc(73)] ReadMemory at 0x1d97b106ea0 of 62 bytes failed: Запрос ReadProcessMemory или WriteProcessMemory был выполнен только частично. (0x12B)
[0316/102217.640:ERROR:process_memory_win.cc(73)] ReadMemory at 0x1d97b107040 of 132 bytes failed: Запрос ReadProcessMemory или WriteProcessMemory был выполнен только частично. (0x12B)
[0316/102217.640:ERROR:process_memory_win.cc(73)] ReadMemory at 0x1d97b107170 of 132 bytes failed: Запрос ReadProcessMemory или WriteProcessMemory был выполнен только частично. (0x12B)
[0316/102217.640:ERROR:process_memory_win.cc(73)] ReadMemory at 0x1d97b1072a0 of 132 bytes failed: Запрос ReadProcessMemory или WriteProcessMemory был выполнен только частично. (0x12B)
[0316/102217.641:ERROR:process_memory_win.cc(73)] ReadMemory at 0x1d97b107890 of 132 bytes failed: Запрос ReadProcessMemory или WriteProcessMemory был выполнен только частично. (0x12B)
[0316/102217.641:ERROR:process_memory_win.cc(73)] ReadMemory at 0x1d97b1079c0 of 132 bytes failed: Запрос ReadProcessMemory или WriteProcessMemory был выполнен только частично. (0x12B)
[0316/102217.641:ERROR:process_memory_win.cc(73)] ReadMemory at 0x1d97b1085a0 of 132 bytes failed: Запрос ReadProcessMemory или WriteProcessMemory был выполнен только частично. (0x12B)
[0316/102217.641:ERROR:process_memory_win.cc(73)] ReadMemory at 0x1d97b1086d0 of 132 bytes failed: Запрос ReadProcessMemory или WriteProcessMemory был выполнен только частично. (0x12B)
[0316/102217.641:ERROR:process_memory_win.cc(73)] ReadMemory at 0x1d97b108800 of 132 bytes failed: Запрос ReadProcessMemory или WriteProcessMemory был выполнен только частично. (0x12B)
[0316/102217.641:ERROR:process_memory_win.cc(73)] ReadMemory at 0x1d97b108930 of 132 bytes failed: Запрос ReadProcessMemory или WriteProcessMemory был выполнен только частично. (0x12B)
[0316/102217.641:ERROR:process_memory_win.cc(73)] ReadMemory at 0x1d97b108a60 of 132 bytes failed: Запрос ReadProcessMemory или WriteProcessMemory был выполнен только частично. (0x12B)
[0316/102217.641:ERROR:process_memory_win.cc(73)] ReadMemory at 0x1d97b108cc0 of 132 bytes failed: Запрос ReadProcessMemory или WriteProcessMemory был выполнен только частично. (0x12B)
[0316/102217.641:ERROR:process_memory_win.cc(73)] ReadMemory at 0x1d97b108df0 of 132 bytes failed: Запрос ReadProcessMemory или WriteProcessMemory был выполнен только частично. (0x12B)
[0316/102217.641:ERROR:process_memory_win.cc(73)] ReadMemory at 0x1d97b11f6c0 of 512 bytes failed: Запрос ReadProcessMemory или WriteProcessMemory был выполнен только частично. (0x12B)
[0316/102217.641:ERROR:process_memory_win.cc(73)] ReadMemory at 0x1d97b120620 of 512 bytes failed: Запрос ReadProcessMemory или WriteProcessMemory был выполнен только частично. (0x12B)
[0316/102217.641:ERROR:process_memory_win.cc(73)] ReadMemory at 0x3e6b0a124a80 of 512 bytes failed: Запрос ReadProcessMemory или WriteProcessMemory был выполнен только частично. (0x12B)
[0316/102217.641:ERROR:process_memory_win.cc(73)] ReadMemory at 0x7ff849f8ff00 of 512 bytes failed: Запрос ReadProcessMemory или WriteProcessMemory был выполнен только частично. (0x12B)
[0316/102217.641:ERROR:process_memory_win.cc(73)] ReadMemory at 0x7ff849fdf764 of 672 bytes failed: Запрос ReadProcessMemory или WriteProcessMemory был выполнен только частично. (0x12B)
[0316/102217.641:ERROR:process_memory_win.cc(73)] ReadMemory at 0x7ff849fdfd64 of 512 bytes failed: Запрос ReadProcessMemory или WriteProcessMemory был выполнен только частично. (0x12B)
[0316/102217.641:ERROR:process_memory_win.cc(73)] ReadMemory at 0x7ff849fe2ff4 of 608 bytes failed: Запрос ReadProcessMemory или WriteProcessMemory был выполнен только частично. (0x12B)
[0316/102217.641:ERROR:process_memory_win.cc(73)] ReadMemory at 0x7ff84a06c0c8 of 18 bytes failed: Запрос ReadProcessMemory или WriteProcessMemory был выполнен только частично. (0x12B)
[0316/102217.641:ERROR:process_memory_win.cc(73)] ReadMemory at 0x7ff84a09f4f8 of 40 bytes failed: Запрос ReadProcessMemory или WriteProcessMemory был выполнен только частично. (0x12B)
[0316/102217.641:ERROR:process_memory_win.cc(73)] ReadMemory at 0x7ff84a09f978 of 48 bytes failed: Запрос ReadProcessMemory или WriteProcessMemory был выполнен только частично. (0x12B)
[0316/102217.641:ERROR:process_memory_win.cc(73)] ReadMemory at 0x7ff84a0a53a0 of 64 bytes failed: Запрос ReadProcessMemory или WriteProcessMemory был выполнен только частично. (0x12B)
[0316/102217.642:ERROR:process_memory_win.cc(73)] ReadMemory at 0x7ffff7f9026c of 512 bytes failed: Запрос ReadProcessMemory или WriteProcessMemory был выполнен только частично. (0x12B)
[0316/102217.642:ERROR:process_memory_win.cc(73)] ReadMemory at 0x7ffff8d23a7b of 512 bytes failed: Запрос ReadProcessMemory или WriteProcessMemory был выполнен только частично. (0x12B)
[0316/102217.642:ERROR:process_memory_win.cc(73)] ReadMemory at 0x7ffffbc03e38 of 512 bytes failed: Запрос ReadProcessMemory или WriteProcessMemory был выполнен только частично. (0x12B)
[0316/102217.643:ERROR:scoped_process_suspend.cc(40)] NtResumeProcess: Попытка доступа к процессу, выполняющему процедуру завершения. (0xc000010a)
